<?xml version="1.0" encoding="utf-8"?>
<CoverageSession xmlns:xsd="http://www.w3.org/2001/XMLSchema" xmlns:xsi="http://www.w3.org/2001/XMLSchema-instance">
  <Summary numSequencePoints="337" visitedSequencePoints="16" numBranchPoints="101" visitedBranchPoints="4" sequenceCoverage="4.75" branchCoverage="3.96" maxCyclomaticComplexity="27" minCyclomaticComplexity="1" visitedClasses="2" numClasses="8" visitedMethods="4" numMethods="35" />
  <Modules>
    <Module skippedDueTo="Filter" hash="6B-FD-F4-02-2D-A1-32-9E-EE-D5-BD-34-EB-7B-26-DE-57-19-B5-DE">
      <ModulePath>C:\Program Files\dotnet\shared\Microsoft.NETCore.App\2.0.5\System.Private.CoreLib.dll</ModulePath>
      <ModuleTime>2017-12-20T09:43:18Z</ModuleTime>
      <ModuleName>System.Private.CoreLib</ModuleName>
      <Files />
      <Classes />
    </Module>
    <Module skippedDueTo="Filter" hash="05-CA-33-B6-B6-A2-E6-51-94-A6-A1-3A-E4-89-E3-1D-16-80-6E-1F">
      <ModulePath>C:\Program Files\dotnet\sdk\2.1.4\dotnet.dll</ModulePath>
      <ModuleTime>2017-12-20T17:01:56Z</ModuleTime>
      <ModuleName>dotnet</ModuleName>
      <Files />
      <Classes />
    </Module>
    <Module skippedDueTo="Filter" hash="41-1F-8E-E9-67-29-F0-15-6D-EB-92-86-91-0B-7E-88-1E-12-8D-0C">
      <ModulePath>C:\Program Files\dotnet\shared\Microsoft.NETCore.App\2.0.5\System.Runtime.dll</ModulePath>
      <ModuleTime>2017-12-20T09:43:16Z</ModuleTime>
      <ModuleName>System.Runtime</ModuleName>
      <Files />
      <Classes />
    </Module>
    <Module skippedDueTo="Filter" hash="DC-BB-A6-A1-EA-28-DC-8D-8C-28-8A-4A-A8-86-22-C2-B9-B1-8A-DD">
      <ModulePath>C:\Program Files\dotnet\sdk\2.1.4\Microsoft.DotNet.Cli.Utils.dll</ModulePath>
      <ModuleTime>2017-12-20T17:00:50Z</ModuleTime>
      <ModuleName>Microsoft.DotNet.Cli.Utils</ModuleName>
      <Files />
      <Classes />
    </Module>
    <Module skippedDueTo="Filter" hash="39-20-64-84-D7-D0-5A-A6-43-87-E7-0D-7F-9A-8C-6B-51-C9-F5-E9">
      <ModulePath>C:\Program Files\dotnet\shared\Microsoft.NETCore.App\2.0.5\System.Runtime.Extensions.dll</ModulePath>
      <ModuleTime>2017-12-20T09:43:16Z</ModuleTime>
      <ModuleName>System.Runtime.Extensions</ModuleName>
      <Files />
      <Classes />
    </Module>
    <Module skippedDueTo="Filter" hash="A1-B2-87-D4-78-17-12-F6-93-F9-84-93-4C-AF-7A-D7-B0-96-20-33">
      <ModulePath>C:\Program Files\dotnet\shared\Microsoft.NETCore.App\2.0.5\System.Runtime.Loader.dll</ModulePath>
      <ModuleTime>2017-12-20T09:43:16Z</ModuleTime>
      <ModuleName>System.Runtime.Loader</ModuleName>
      <Files />
      <Classes />
    </Module>
    <Module skippedDueTo="Filter" hash="6D-56-C5-17-8B-4A-90-00-7C-75-14-27-E1-65-51-4D-F8-11-BC-43">
      <ModulePath>C:\Program Files\dotnet\sdk\2.1.4\Microsoft.DotNet.PlatformAbstractions.dll</ModulePath>
      <ModuleTime>2017-12-20T17:00:50Z</ModuleTime>
      <ModuleName>Microsoft.DotNet.PlatformAbstractions</ModuleName>
      <Files />
      <Classes />
    </Module>
    <Module skippedDueTo="Filter" hash="EB-D5-85-1D-63-0E-26-A0-A2-87-8B-C7-75-30-5F-1B-02-57-65-64">
      <ModulePath>C:\Program Files\dotnet\shared\Microsoft.NETCore.App\2.0.5\System.Runtime.InteropServices.RuntimeInformation.dll</ModulePath>
      <ModuleTime>2017-12-20T09:43:16Z</ModuleTime>
      <ModuleName>System.Runtime.InteropServices.RuntimeInformation</ModuleName>
      <Files />
      <Classes />
    </Module>
    <Module skippedDueTo="Filter" hash="57-51-2E-09-50-36-05-C8-F5-3A-5E-09-66-60-1C-C9-B9-9B-16-04">
      <ModulePath>C:\Program Files\dotnet\shared\Microsoft.NETCore.App\2.0.5\System.Reflection.dll</ModulePath>
      <ModuleTime>2017-12-20T09:43:16Z</ModuleTime>
      <ModuleName>System.Reflection</ModuleName>
      <Files />
      <Classes />
    </Module>
    <Module skippedDueTo="Filter" hash="63-FD-C6-E8-DB-A7-8A-8E-25-84-B8-B0-B6-62-FF-9D-E2-7E-B9-D0">
      <ModulePath>C:\Program Files\dotnet\shared\Microsoft.NETCore.App\2.0.5\System.Reflection.Extensions.dll</ModulePath>
      <ModuleTime>2017-12-20T09:43:16Z</ModuleTime>
      <ModuleName>System.Reflection.Extensions</ModuleName>
      <Files />
      <Classes />
    </Module>
    <Module skippedDueTo="Filter" hash="B5-05-9F-47-D9-B8-DC-49-D5-D5-06-B6-30-3D-DB-39-94-F8-25-1B">
      <ModulePath>C:\Program Files\dotnet\shared\Microsoft.NETCore.App\2.0.5\System.Runtime.InteropServices.dll</ModulePath>
      <ModuleTime>2017-12-20T09:43:16Z</ModuleTime>
      <ModuleName>System.Runtime.InteropServices</ModuleName>
      <Files />
      <Classes />
    </Module>
    <Module skippedDueTo="Filter" hash="62-96-BF-2C-F9-33-5D-7F-8C-13-D2-55-CA-DA-99-3C-FF-CE-25-63">
      <ModulePath>C:\Program Files\dotnet\shared\Microsoft.NETCore.App\2.0.5\System.IO.FileSystem.dll</ModulePath>
      <ModuleTime>2017-12-20T09:43:14Z</ModuleTime>
      <ModuleName>System.IO.FileSystem</ModuleName>
      <Files />
      <Classes />
    </Module>
    <Module skippedDueTo="Filter" hash="F8-C0-09-E4-C4-A9-D4-23-BC-01-DC-E9-80-46-7B-6F-2D-87-AC-6B">
      <ModulePath>C:\Program Files\dotnet\sdk\2.1.4\runtimes\win\lib\netstandard1.3\System.Text.Encoding.CodePages.dll</ModulePath>
      <ModuleTime>2017-12-20T17:00:20Z</ModuleTime>
      <ModuleName>System.Text.Encoding.CodePages</ModuleName>
      <Files />
      <Classes />
    </Module>
    <Module skippedDueTo="Filter" hash="86-38-1F-10-F9-45-4E-1D-E5-CD-9A-E3-1B-A2-C8-15-BC-7F-8D-A8">
      <ModulePath>C:\Program Files\dotnet\shared\Microsoft.NETCore.App\2.0.5\System.Text.Encoding.dll</ModulePath>
      <ModuleTime>2017-12-20T09:43:18Z</ModuleTime>
      <ModuleName>System.Text.Encoding</ModuleName>
      <Files />
      <Classes />
    </Module>
    <Module skippedDueTo="Filter" hash="CD-27-4E-FD-67-2D-90-A9-46-6A-BC-AE-CC-0D-1A-35-51-BA-78-D1">
      <ModulePath>C:\Program Files\dotnet\shared\Microsoft.NETCore.App\2.0.5\System.Collections.dll</ModulePath>
      <ModuleTime>2017-12-20T09:43:14Z</ModuleTime>
      <ModuleName>System.Collections</ModuleName>
      <Files />
      <Classes />
    </Module>
    <Module skippedDueTo="Filter" hash="E6-F9-D6-79-C9-63-36-8C-A9-C1-04-E0-B6-50-AA-09-5B-ED-80-1B">
      <ModulePath>C:\Program Files\dotnet\shared\Microsoft.NETCore.App\2.0.5\System.Threading.dll</ModulePath>
      <ModuleTime>2017-12-20T09:43:18Z</ModuleTime>
      <ModuleName>System.Threading</ModuleName>
      <Files />
      <Classes />
    </Module>
    <Module skippedDueTo="Filter" hash="82-95-DE-D4-D6-42-93-7A-86-68-E5-8F-AF-86-43-C2-89-C3-DE-4E">
      <ModulePath>C:\Program Files\dotnet\shared\Microsoft.NETCore.App\2.0.5\System.Collections.Concurrent.dll</ModulePath>
      <ModuleTime>2017-12-20T09:43:14Z</ModuleTime>
      <ModuleName>System.Collections.Concurrent</ModuleName>
      <Files />
      <Classes />
    </Module>
    <Module skippedDueTo="Filter" hash="E0-CA-FD-F0-0C-6E-52-39-7A-EF-F1-48-E0-CD-C2-9D-E5-79-E6-78">
      <ModulePath>C:\Program Files\dotnet\shared\Microsoft.NETCore.App\2.0.5\System.Threading.Thread.dll</ModulePath>
      <ModuleTime>2017-12-20T09:43:18Z</ModuleTime>
      <ModuleName>System.Threading.Thread</ModuleName>
      <Files />
      <Classes />
    </Module>
    <Module skippedDueTo="Filter" hash="01-E3-3F-04-6D-FA-DF-23-89-7C-DA-01-CF-F6-42-AA-64-65-18-30">
      <ModulePath>C:\Program Files\dotnet\sdk\2.1.4\Microsoft.DotNet.Configurer.dll</ModulePath>
      <ModuleTime>2017-12-20T17:00:50Z</ModuleTime>
      <ModuleName>Microsoft.DotNet.Configurer</ModuleName>
      <Files />
      <Classes />
    </Module>
    <Module skippedDueTo="Filter" hash="51-C2-8E-5D-FC-F3-88-D1-CD-DE-BB-6D-74-11-AD-D9-4B-1D-A6-88">
      <ModulePath>C:\Program Files\dotnet\shared\Microsoft.NETCore.App\2.0.5\System.Diagnostics.Process.dll</ModulePath>
      <ModuleTime>2017-12-20T09:43:14Z</ModuleTime>
      <ModuleName>System.Diagnostics.Process</ModuleName>
      <Files />
      <Classes />
    </Module>
    <Module skippedDueTo="Filter" hash="11-1D-A8-A9-0E-B7-F5-02-3A-DE-28-0A-99-E7-FF-1C-E9-B7-8F-3D">
      <ModulePath>C:\Program Files\dotnet\shared\Microsoft.NETCore.App\2.0.5\System.Linq.dll</ModulePath>
      <ModuleTime>2017-12-20T09:43:16Z</ModuleTime>
      <ModuleName>System.Linq</ModuleName>
      <Files />
      <Classes />
    </Module>
    <Module skippedDueTo="Filter" hash="6F-7A-2A-41-67-B6-4C-69-3B-FE-12-6C-7D-F2-97-DC-18-84-9B-56">
      <ModulePath>C:\Program Files\dotnet\sdk\2.1.4\NuGet.Frameworks.dll</ModulePath>
      <ModuleTime>2017-12-20T17:00:46Z</ModuleTime>
      <ModuleName>NuGet.Frameworks</ModuleName>
      <Files />
      <Classes />
    </Module>
    <Module skippedDueTo="Filter" hash="43-5D-66-8B-CE-9B-43-41-1E-43-12-B7-5C-1D-C7-2C-07-CA-B5-C2">
      <ModulePath>C:\Program Files\dotnet\sdk\2.1.4\Microsoft.DotNet.Cli.CommandLine.dll</ModulePath>
      <ModuleTime>2017-12-20T17:00:50Z</ModuleTime>
      <ModuleName>Microsoft.DotNet.Cli.CommandLine</ModuleName>
      <Files />
      <Classes />
    </Module>
    <Module skippedDueTo="Filter" hash="CB-5D-AF-E0-6F-08-BA-B5-94-92-31-00-DC-C5-F0-3D-FA-CB-16-78">
      <ModulePath>C:\Program Files\dotnet\shared\Microsoft.NETCore.App\2.0.5\System.Console.dll</ModulePath>
      <ModuleTime>2017-12-20T09:43:14Z</ModuleTime>
      <ModuleName>System.Console</ModuleName>
      <Files />
      <Classes />
    </Module>
    <Module skippedDueTo="Filter" hash="66-47-DF-31-6E-C8-E8-C5-BE-E2-F2-9C-35-A4-7A-5E-CA-9C-D2-9E">
      <ModulePath>C:\Program Files\dotnet\sdk\2.1.4\Microsoft.DotNet.InternalAbstractions.dll</ModulePath>
      <ModuleTime>2017-12-20T17:00:50Z</ModuleTime>
      <ModuleName>Microsoft.DotNet.InternalAbstractions</ModuleName>
      <Files />
      <Classes />
    </Module>
    <Module skippedDueTo="Filter" hash="F0-22-19-B7-F6-63-1E-8A-97-BC-E3-A8-0E-86-F3-9E-06-44-E8-01">
      <ModulePath>C:\Program Files\dotnet\shared\Microsoft.NETCore.App\2.0.5\System.IO.FileSystem.Primitives.dll</ModulePath>
      <ModuleTime>2017-12-20T09:43:14Z</ModuleTime>
      <ModuleName>System.IO.FileSystem.Primitives</ModuleName>
      <Files />
      <Classes />
    </Module>
    <Module skippedDueTo="Filter" hash="90-08-AA-86-29-E9-ED-D6-BE-C2-B8-71-67-E3-F2-2A-B8-D7-0F-67">
      <ModulePath>C:\Program Files\dotnet\shared\Microsoft.NETCore.App\2.0.5\System.AppContext.dll</ModulePath>
      <ModuleTime>2017-12-20T09:43:14Z</ModuleTime>
      <ModuleName>System.AppContext</ModuleName>
      <Files />
      <Classes />
    </Module>
    <Module skippedDueTo="Filter" hash="16-8B-5C-B4-09-1A-39-6B-32-EA-F8-67-7F-7B-56-F1-65-00-CF-6C">
      <ModulePath>C:\Program Files\dotnet\shared\Microsoft.NETCore.App\2.0.5\System.IO.dll</ModulePath>
      <ModuleTime>2017-12-20T09:43:14Z</ModuleTime>
      <ModuleName>System.IO</ModuleName>
      <Files />
      <Classes />
    </Module>
    <Module skippedDueTo="Filter" hash="20-A8-DA-AB-DE-0F-5C-1B-25-28-68-80-29-DE-E7-7F-77-D1-60-6F">
      <ModulePath>C:\Program Files\dotnet\shared\Microsoft.NETCore.App\2.0.5\System.Text.Encoding.Extensions.dll</ModulePath>
      <ModuleTime>2017-12-20T09:43:18Z</ModuleTime>
      <ModuleName>System.Text.Encoding.Extensions</ModuleName>
      <Files />
      <Classes />
    </Module>
    <Module skippedDueTo="Filter" hash="9A-70-A6-50-0F-28-79-0D-1F-D8-33-79-CE-2C-B1-CC-DA-2F-9B-10">
      <ModulePath>C:\Program Files\dotnet\shared\Microsoft.NETCore.App\2.0.5\System.Runtime.Handles.dll</ModulePath>
      <ModuleTime>2017-12-20T09:43:16Z</ModuleTime>
      <ModuleName>System.Runtime.Handles</ModuleName>
      <Files />
      <Classes />
    </Module>
    <Module skippedDueTo="Filter" hash="B3-AC-93-5E-33-87-22-E8-1D-6C-34-05-6F-2E-16-57-AA-4A-33-6F">
      <ModulePath>C:\Program Files\dotnet\sdk\2.1.4\Microsoft.ApplicationInsights.dll</ModulePath>
      <ModuleTime>2017-12-20T17:00:44Z</ModuleTime>
      <ModuleName>Microsoft.ApplicationInsights</ModuleName>
      <Files />
      <Classes />
    </Module>
    <Module skippedDueTo="Filter" hash="60-90-01-7F-22-26-A1-16-2A-38-12-04-3D-D9-3D-90-D0-D0-4A-29">
      <ModulePath>C:\Program Files\dotnet\shared\Microsoft.NETCore.App\2.0.5\System.Security.Cryptography.Algorithms.dll</ModulePath>
      <ModuleTime>2017-12-20T09:43:16Z</ModuleTime>
      <ModuleName>System.Security.Cryptography.Algorithms</ModuleName>
      <Files />
      <Classes />
    </Module>
    <Module skippedDueTo="Filter" hash="47-5E-28-B2-AE-0D-E4-88-2D-81-90-A5-7C-CF-70-19-97-25-75-51">
      <ModulePath>C:\Program Files\dotnet\shared\Microsoft.NETCore.App\2.0.5\System.Security.Cryptography.Primitives.dll</ModulePath>
      <ModuleTime>2017-12-20T09:43:16Z</ModuleTime>
      <ModuleName>System.Security.Cryptography.Primitives</ModuleName>
      <Files />
      <Classes />
    </Module>
    <Module skippedDueTo="Filter" hash="F0-2A-3E-CE-48-89-A7-70-18-E7-BA-0D-82-2A-77-3B-AE-04-CE-0D">
      <ModulePath>C:\Program Files\dotnet\shared\Microsoft.NETCore.App\2.0.5\System.Xml.XDocument.dll</ModulePath>
      <ModuleTime>2017-12-20T09:43:18Z</ModuleTime>
      <ModuleName>System.Xml.XDocument</ModuleName>
      <Files />
      <Classes />
    </Module>
    <Module skippedDueTo="Filter" hash="0F-E5-54-36-4A-AB-17-3D-8C-8E-60-FB-2F-AD-DF-D5-89-33-3D-32">
      <ModulePath>C:\Program Files\dotnet\shared\Microsoft.NETCore.App\2.0.5\System.Private.Xml.Linq.dll</ModulePath>
      <ModuleTime>2017-12-20T09:43:16Z</ModuleTime>
      <ModuleName>System.Private.Xml.Linq</ModuleName>
      <Files />
      <Classes />
    </Module>
    <Module skippedDueTo="Filter" hash="35-F5-AE-30-21-12-A3-3B-04-7D-44-88-0F-99-2F-E5-EB-9A-C8-A5">
      <ModulePath>C:\Program Files\dotnet\shared\Microsoft.NETCore.App\2.0.5\System.Text.RegularExpressions.dll</ModulePath>
      <ModuleTime>2017-12-20T09:43:18Z</ModuleTime>
      <ModuleName>System.Text.RegularExpressions</ModuleName>
      <Files />
      <Classes />
    </Module>
    <Module skippedDueTo="Filter" hash="15-84-CE-11-DD-24-30-6C-BA-9A-E0-EA-17-33-E2-DC-4B-77-8C-A6">
      <ModulePath>C:\Program Files\dotnet\shared\Microsoft.NETCore.App\2.0.5\System.Private.Xml.dll</ModulePath>
      <ModuleTime>2017-12-20T09:43:16Z</ModuleTime>
      <ModuleName>System.Private.Xml</ModuleName>
      <Files />
      <Classes />
    </Module>
    <Module skippedDueTo="Filter" hash="3A-5B-10-CD-6F-9C-A6-09-E7-EB-30-7C-FA-E0-3E-E6-D8-AE-D2-AE">
      <ModulePath>C:\Program Files\dotnet\shared\Microsoft.NETCore.App\2.0.5\System.Xml.ReaderWriter.dll</ModulePath>
      <ModuleTime>2017-12-20T09:43:18Z</ModuleTime>
      <ModuleName>System.Xml.ReaderWriter</ModuleName>
      <Files />
      <Classes />
    </Module>
    <Module skippedDueTo="Filter" hash="93-6F-E7-9E-71-4C-2E-6B-3D-36-8A-37-76-77-D8-66-84-44-B2-15">
      <ModulePath>C:\Program Files\dotnet\shared\Microsoft.NETCore.App\2.0.5\System.Diagnostics.Tracing.dll</ModulePath>
      <ModuleTime>2017-12-20T09:43:14Z</ModuleTime>
      <ModuleName>System.Diagnostics.Tracing</ModuleName>
      <Files />
      <Classes />
    </Module>
    <Module skippedDueTo="Filter" hash="16-A3-A2-20-FF-D0-10-40-9D-3F-07-7F-3D-B1-23-42-5F-91-7C-7F">
      <ModulePath>C:\Program Files\dotnet\shared\Microsoft.NETCore.App\2.0.5\System.Resources.ResourceManager.dll</ModulePath>
      <ModuleTime>2017-12-20T09:43:16Z</ModuleTime>
      <ModuleName>System.Resources.ResourceManager</ModuleName>
      <Files />
      <Classes />
    </Module>
    <Module skippedDueTo="Filter" hash="63-9F-D2-08-25-C0-01-C1-35-4A-0E-AC-D8-A9-2B-84-82-52-B0-5C">
      <ModulePath>C:\Program Files\dotnet\shared\Microsoft.NETCore.App\2.0.5\System.Private.Uri.dll</ModulePath>
      <ModuleTime>2017-12-20T09:43:16Z</ModuleTime>
      <ModuleName>System.Private.Uri</ModuleName>
      <Files />
      <Classes />
    </Module>
    <Module skippedDueTo="Filter" hash="8A-C1-C1-60-CF-62-87-A7-80-01-01-C3-2D-DD-BB-15-43-80-F8-80">
      <ModulePath>C:\Program Files\dotnet\shared\Microsoft.NETCore.App\2.0.5\System.Threading.Tasks.dll</ModulePath>
      <ModuleTime>2017-12-20T09:43:18Z</ModuleTime>
      <ModuleName>System.Threading.Tasks</ModuleName>
      <Files />
      <Classes />
    </Module>
    <Module skippedDueTo="Filter" hash="27-FF-EA-22-FA-1B-89-4C-8C-CB-93-D8-4D-E5-1F-34-F6-8A-6B-CE">
      <ModulePath>C:\Program Files\dotnet\shared\Microsoft.NETCore.App\2.0.5\System.Globalization.dll</ModulePath>
      <ModuleTime>2017-12-20T09:43:14Z</ModuleTime>
      <ModuleName>System.Globalization</ModuleName>
      <Files />
      <Classes />
    </Module>
    <Module skippedDueTo="Filter" hash="2B-4B-FF-53-BE-DA-8C-8A-3F-0B-3A-49-A9-67-38-AA-90-56-FA-18">
      <ModulePath>C:\Program Files\dotnet\sdk\2.1.4\Microsoft.Build.Utilities.Core.dll</ModulePath>
      <ModuleTime>2017-12-20T17:00:50Z</ModuleTime>
      <ModuleName>Microsoft.Build.Utilities.Core</ModuleName>
      <Files />
      <Classes />
    </Module>
    <Module skippedDueTo="Filter" hash="80-89-49-93-1B-92-6F-A7-B8-49-15-50-6C-10-DB-08-8B-F6-A2-7F">
      <ModulePath>C:\Program Files\dotnet\shared\Microsoft.NETCore.App\2.0.5\System.Diagnostics.Tools.dll</ModulePath>
      <ModuleTime>2017-12-20T09:43:14Z</ModuleTime>
      <ModuleName>System.Diagnostics.Tools</ModuleName>
      <Files />
      <Classes />
    </Module>
    <Module skippedDueTo="Filter" hash="CA-1B-FC-39-C3-F9-20-F9-C4-3A-CC-71-8E-61-2F-16-22-99-93-28">
      <ModulePath>C:\Program Files\dotnet\sdk\2.1.4\Microsoft.Build.Framework.dll</ModulePath>
      <ModuleTime>2017-12-20T17:00:50Z</ModuleTime>
      <ModuleName>Microsoft.Build.Framework</ModuleName>
      <Files />
      <Classes />
    </Module>
    <Module skippedDueTo="Filter" hash="D9-7F-DA-4C-A6-F9-66-9D-7C-99-6A-18-05-86-52-E9-60-8D-0B-5D">
      <ModulePath>C:\Program Files\dotnet\shared\Microsoft.NETCore.App\2.0.5\System.Reflection.TypeExtensions.dll</ModulePath>
      <ModuleTime>2017-12-20T09:43:16Z</ModuleTime>
      <ModuleName>System.Reflection.TypeExtensions</ModuleName>
      <Files />
      <Classes />
    </Module>
    <Module skippedDueTo="Filter" hash="83-4E-45-08-D9-46-CD-BA-0B-6A-F1-CE-46-49-B1-9B-9F-78-A4-6C">
      <ModulePath>C:\Program Files\dotnet\shared\Microsoft.NETCore.App\2.0.5\System.Diagnostics.Debug.dll</ModulePath>
      <ModuleTime>2017-12-20T09:43:14Z</ModuleTime>
      <ModuleName>System.Diagnostics.Debug</ModuleName>
      <Files />
      <Classes />
    </Module>
    <Module skippedDueTo="Filter" hash="09-C8-71-E7-F6-68-C3-70-8C-E9-4A-97-5C-91-E8-8C-68-4F-BD-67">
      <ModulePath>C:\Program Files\dotnet\shared\Microsoft.NETCore.App\2.0.5\System.ComponentModel.Primitives.dll</ModulePath>
      <ModuleTime>2017-12-20T09:43:14Z</ModuleTime>
      <ModuleName>System.ComponentModel.Primitives</ModuleName>
      <Files />
      <Classes />
    </Module>
    <Module skippedDueTo="Filter" hash="CF-0F-2E-6F-9B-B7-12-11-98-69-F1-49-21-8B-35-D1-75-E5-25-65">
      <ModulePath>C:\Program Files\dotnet\shared\Microsoft.NETCore.App\2.0.5\System.IO.Compression.dll</ModulePath>
      <ModuleTime>2017-12-20T09:43:14Z</ModuleTime>
      <ModuleName>System.IO.Compression</ModuleName>
      <Files />
      <Classes />
    </Module>
    <Module skippedDueTo="Filter" hash="B0-2D-50-81-B2-E4-8F-1F-DD-64-EA-16-5C-E2-85-D2-C6-9F-C1-DA">
      <ModulePath>C:\Program Files\dotnet\shared\Microsoft.NETCore.App\2.0.5\Microsoft.Win32.Primitives.dll</ModulePath>
      <ModuleTime>2017-12-20T09:43:14Z</ModuleTime>
      <ModuleName>Microsoft.Win32.Primitives</ModuleName>
      <Files />
      <Classes />
    </Module>
    <Module skippedDueTo="Filter" hash="F7-33-16-81-3D-87-54-05-5E-D8-A2-98-44-D5-DB-0C-A0-29-71-38">
      <ModulePath>C:\Program Files\dotnet\shared\Microsoft.NETCore.App\2.0.5\System.Buffers.dll</ModulePath>
      <ModuleTime>2017-12-20T09:43:14Z</ModuleTime>
      <ModuleName>System.Buffers</ModuleName>
      <Files />
      <Classes />
    </Module>
    <Module skippedDueTo="Filter" hash="59-79-BF-C6-55-95-25-23-9C-DD-24-DA-96-B7-62-16-22-49-2F-D4">
      <ModulePath>C:\Program Files\dotnet\shared\Microsoft.NETCore.App\2.0.5\System.Net.Http.dll</ModulePath>
      <ModuleTime>2017-12-20T09:43:16Z</ModuleTime>
      <ModuleName>System.Net.Http</ModuleName>
      <Files />
      <Classes />
    </Module>
    <Module skippedDueTo="Filter" hash="6B-FD-F4-02-2D-A1-32-9E-EE-D5-BD-34-EB-7B-26-DE-57-19-B5-DE">
      <ModulePath>C:\Program Files\dotnet\shared\Microsoft.NETCore.App\2.0.5\System.Private.CoreLib.dll</ModulePath>
      <ModuleTime>2017-12-20T09:43:18Z</ModuleTime>
      <ModuleName>System.Private.CoreLib</ModuleName>
      <Files />
      <Classes />
    </Module>
    <Module skippedDueTo="Filter" hash="BC-C8-59-55-D4-A5-E8-D3-F8-01-77-2F-30-AC-25-F1-41-F7-A9-CB">
      <ModulePath>C:\Program Files\dotnet\shared\Microsoft.NETCore.App\2.0.5\System.Net.Primitives.dll</ModulePath>
      <ModuleTime>2017-12-20T09:43:16Z</ModuleTime>
      <ModuleName>System.Net.Primitives</ModuleName>
      <Files />
      <Classes />
    </Module>
    <Module skippedDueTo="Filter" hash="1A-70-99-28-23-C7-02-29-07-AA-AF-B2-FD-30-AF-B6-57-D3-C7-33">
      <ModulePath>C:\Program Files\dotnet\shared\Microsoft.NETCore.App\2.0.5\System.Diagnostics.DiagnosticSource.dll</ModulePath>
      <ModuleTime>2017-12-20T09:43:14Z</ModuleTime>
      <ModuleName>System.Diagnostics.DiagnosticSource</ModuleName>
      <Files />
      <Classes />
    </Module>
    <Module skippedDueTo="Filter" hash="42-A3-C1-B6-BD-30-D8-AB-64-EF-2E-1C-B1-4B-4F-B8-AB-37-70-9B">
      <ModulePath>C:\Program Files\dotnet\shared\Microsoft.NETCore.App\2.0.5\System.Security.Cryptography.X509Certificates.dll</ModulePath>
      <ModuleTime>2017-12-20T09:43:16Z</ModuleTime>
      <ModuleName>System.Security.Cryptography.X509Certificates</ModuleName>
      <Files />
      <Classes />
    </Module>
    <Module skippedDueTo="Filter" hash="31-3F-28-D7-F6-F8-07-E2-5B-6C-5B-9A-4D-62-A4-8E-04-C7-6A-70">
      <ModulePath>C:\Program Files\dotnet\shared\Microsoft.NETCore.App\2.0.5\System.Collections.NonGeneric.dll</ModulePath>
      <ModuleTime>2017-12-20T09:43:14Z</ModuleTime>
      <ModuleName>System.Collections.NonGeneric</ModuleName>
      <Files />
      <Classes />
    </Module>
    <Module skippedDueTo="Filter" hash="62-9A-16-44-FF-A1-86-2D-16-01-39-85-79-BF-1F-FE-2F-B2-82-D0">
      <ModulePath>C:\Program Files\dotnet\sdk\2.1.4\MSBuild.dll</ModulePath>
      <ModuleTime>2017-12-20T17:00:32Z</ModuleTime>
      <ModuleName>MSBuild</ModuleName>
      <Files />
      <Classes />
    </Module>
    <Module skippedDueTo="Filter" hash="41-1F-8E-E9-67-29-F0-15-6D-EB-92-86-91-0B-7E-88-1E-12-8D-0C">
      <ModulePath>C:\Program Files\dotnet\shared\Microsoft.NETCore.App\2.0.5\System.Runtime.dll</ModulePath>
      <ModuleTime>2017-12-20T09:43:16Z</ModuleTime>
      <ModuleName>System.Runtime</ModuleName>
      <Files />
      <Classes />
    </Module>
    <Module skippedDueTo="Filter" hash="39-20-64-84-D7-D0-5A-A6-43-87-E7-0D-7F-9A-8C-6B-51-C9-F5-E9">
      <ModulePath>C:\Program Files\dotnet\shared\Microsoft.NETCore.App\2.0.5\System.Runtime.Extensions.dll</ModulePath>
      <ModuleTime>2017-12-20T09:43:16Z</ModuleTime>
      <ModuleName>System.Runtime.Extensions</ModuleName>
      <Files />
      <Classes />
    </Module>
    <Module skippedDueTo="Filter" hash="E6-F9-D6-79-C9-63-36-8C-A9-C1-04-E0-B6-50-AA-09-5B-ED-80-1B">
      <ModulePath>C:\Program Files\dotnet\shared\Microsoft.NETCore.App\2.0.5\System.Threading.dll</ModulePath>
      <ModuleTime>2017-12-20T09:43:18Z</ModuleTime>
      <ModuleName>System.Threading</ModuleName>
      <Files />
      <Classes />
    </Module>
    <Module skippedDueTo="Filter" hash="57-51-2E-09-50-36-05-C8-F5-3A-5E-09-66-60-1C-C9-B9-9B-16-04">
      <ModulePath>C:\Program Files\dotnet\shared\Microsoft.NETCore.App\2.0.5\System.Reflection.dll</ModulePath>
      <ModuleTime>2017-12-20T09:43:16Z</ModuleTime>
      <ModuleName>System.Reflection</ModuleName>
      <Files />
      <Classes />
    </Module>
    <Module skippedDueTo="Filter" hash="D9-7F-DA-4C-A6-F9-66-9D-7C-99-6A-18-05-86-52-E9-60-8D-0B-5D">
      <ModulePath>C:\Program Files\dotnet\shared\Microsoft.NETCore.App\2.0.5\System.Reflection.TypeExtensions.dll</ModulePath>
      <ModuleTime>2017-12-20T09:43:16Z</ModuleTime>
      <ModuleName>System.Reflection.TypeExtensions</ModuleName>
      <Files />
      <Classes />
    </Module>
    <Module skippedDueTo="Filter" hash="27-FF-EA-22-FA-1B-89-4C-8C-CB-93-D8-4D-E5-1F-34-F6-8A-6B-CE">
      <ModulePath>C:\Program Files\dotnet\shared\Microsoft.NETCore.App\2.0.5\System.Globalization.dll</ModulePath>
      <ModuleTime>2017-12-20T09:43:14Z</ModuleTime>
      <ModuleName>System.Globalization</ModuleName>
      <Files />
      <Classes />
    </Module>
    <Module skippedDueTo="Filter" hash="62-96-BF-2C-F9-33-5D-7F-8C-13-D2-55-CA-DA-99-3C-FF-CE-25-63">
      <ModulePath>C:\Program Files\dotnet\shared\Microsoft.NETCore.App\2.0.5\System.IO.FileSystem.dll</ModulePath>
      <ModuleTime>2017-12-20T09:43:14Z</ModuleTime>
      <ModuleName>System.IO.FileSystem</ModuleName>
      <Files />
      <Classes />
    </Module>
    <Module skippedDueTo="Filter" hash="11-1D-A8-A9-0E-B7-F5-02-3A-DE-28-0A-99-E7-FF-1C-E9-B7-8F-3D">
      <ModulePath>C:\Program Files\dotnet\shared\Microsoft.NETCore.App\2.0.5\System.Linq.dll</ModulePath>
      <ModuleTime>2017-12-20T09:43:16Z</ModuleTime>
      <ModuleName>System.Linq</ModuleName>
      <Files />
      <Classes />
    </Module>
    <Module skippedDueTo="Filter" hash="35-F5-AE-30-21-12-A3-3B-04-7D-44-88-0F-99-2F-E5-EB-9A-C8-A5">
      <ModulePath>C:\Program Files\dotnet\shared\Microsoft.NETCore.App\2.0.5\System.Text.RegularExpressions.dll</ModulePath>
      <ModuleTime>2017-12-20T09:43:18Z</ModuleTime>
      <ModuleName>System.Text.RegularExpressions</ModuleName>
      <Files />
      <Classes />
    </Module>
    <Module skippedDueTo="Filter" hash="EB-D5-85-1D-63-0E-26-A0-A2-87-8B-C7-75-30-5F-1B-02-57-65-64">
      <ModulePath>C:\Program Files\dotnet\shared\Microsoft.NETCore.App\2.0.5\System.Runtime.InteropServices.RuntimeInformation.dll</ModulePath>
      <ModuleTime>2017-12-20T09:43:16Z</ModuleTime>
      <ModuleName>System.Runtime.InteropServices.RuntimeInformation</ModuleName>
      <Files />
      <Classes />
    </Module>
    <Module skippedDueTo="Filter" hash="CD-27-4E-FD-67-2D-90-A9-46-6A-BC-AE-CC-0D-1A-35-51-BA-78-D1">
      <ModulePath>C:\Program Files\dotnet\shared\Microsoft.NETCore.App\2.0.5\System.Collections.dll</ModulePath>
      <ModuleTime>2017-12-20T09:43:14Z</ModuleTime>
      <ModuleName>System.Collections</ModuleName>
      <Files />
      <Classes />
    </Module>
    <Module skippedDueTo="Filter" hash="B5-05-9F-47-D9-B8-DC-49-D5-D5-06-B6-30-3D-DB-39-94-F8-25-1B">
      <ModulePath>C:\Program Files\dotnet\shared\Microsoft.NETCore.App\2.0.5\System.Runtime.InteropServices.dll</ModulePath>
      <ModuleTime>2017-12-20T09:43:16Z</ModuleTime>
      <ModuleName>System.Runtime.InteropServices</ModuleName>
      <Files />
      <Classes />
    </Module>
    <Module skippedDueTo="Filter" hash="CB-5D-AF-E0-6F-08-BA-B5-94-92-31-00-DC-C5-F0-3D-FA-CB-16-78">
      <ModulePath>C:\Program Files\dotnet\shared\Microsoft.NETCore.App\2.0.5\System.Console.dll</ModulePath>
      <ModuleTime>2017-12-20T09:43:14Z</ModuleTime>
      <ModuleName>System.Console</ModuleName>
      <Files />
      <Classes />
    </Module>
    <Module skippedDueTo="Filter" hash="51-C2-8E-5D-FC-F3-88-D1-CD-DE-BB-6D-74-11-AD-D9-4B-1D-A6-88">
      <ModulePath>C:\Program Files\dotnet\shared\Microsoft.NETCore.App\2.0.5\System.Diagnostics.Process.dll</ModulePath>
      <ModuleTime>2017-12-20T09:43:14Z</ModuleTime>
      <ModuleName>System.Diagnostics.Process</ModuleName>
      <Files />
      <Classes />
    </Module>
    <Module skippedDueTo="Filter" hash="09-C8-71-E7-F6-68-C3-70-8C-E9-4A-97-5C-91-E8-8C-68-4F-BD-67">
      <ModulePath>C:\Program Files\dotnet\shared\Microsoft.NETCore.App\2.0.5\System.ComponentModel.Primitives.dll</ModulePath>
      <ModuleTime>2017-12-20T09:43:14Z</ModuleTime>
      <ModuleName>System.ComponentModel.Primitives</ModuleName>
      <Files />
      <Classes />
    </Module>
    <Module skippedDueTo="Filter" hash="CA-1B-FC-39-C3-F9-20-F9-C4-3A-CC-71-8E-61-2F-16-22-99-93-28">
      <ModulePath>C:\Program Files\dotnet\sdk\2.1.4\Microsoft.Build.Framework.dll</ModulePath>
      <ModuleTime>2017-12-20T17:00:50Z</ModuleTime>
      <ModuleName>Microsoft.Build.Framework</ModuleName>
      <Files />
      <Classes />
    </Module>
    <Module skippedDueTo="Filter" hash="16-8B-5C-B4-09-1A-39-6B-32-EA-F8-67-7F-7B-56-F1-65-00-CF-6C">
      <ModulePath>C:\Program Files\dotnet\shared\Microsoft.NETCore.App\2.0.5\System.IO.dll</ModulePath>
      <ModuleTime>2017-12-20T09:43:14Z</ModuleTime>
      <ModuleName>System.IO</ModuleName>
      <Files />
      <Classes />
    </Module>
    <Module skippedDueTo="Filter" hash="7F-D2-C6-01-E4-DE-2D-A7-7A-15-8A-3B-F7-8B-6A-CF-96-9A-60-0D">
      <ModulePath>C:\Program Files\dotnet\sdk\2.1.4\Microsoft.Build.dll</ModulePath>
      <ModuleTime>2017-12-20T17:00:50Z</ModuleTime>
      <ModuleName>Microsoft.Build</ModuleName>
      <Files />
      <Classes />
    </Module>
    <Module skippedDueTo="Filter" hash="F8-C0-09-E4-C4-A9-D4-23-BC-01-DC-E9-80-46-7B-6F-2D-87-AC-6B">
      <ModulePath>C:\Program Files\dotnet\sdk\2.1.4\runtimes\win\lib\netstandard1.3\System.Text.Encoding.CodePages.dll</ModulePath>
      <ModuleTime>2017-12-20T17:00:20Z</ModuleTime>
      <ModuleName>System.Text.Encoding.CodePages</ModuleName>
      <Files />
      <Classes />
    </Module>
    <Module skippedDueTo="Filter" hash="86-38-1F-10-F9-45-4E-1D-E5-CD-9A-E3-1B-A2-C8-15-BC-7F-8D-A8">
      <ModulePath>C:\Program Files\dotnet\shared\Microsoft.NETCore.App\2.0.5\System.Text.Encoding.dll</ModulePath>
      <ModuleTime>2017-12-20T09:43:18Z</ModuleTime>
      <ModuleName>System.Text.Encoding</ModuleName>
      <Files />
      <Classes />
    </Module>
    <Module skippedDueTo="Filter" hash="31-3F-28-D7-F6-F8-07-E2-5B-6C-5B-9A-4D-62-A4-8E-04-C7-6A-70">
      <ModulePath>C:\Program Files\dotnet\shared\Microsoft.NETCore.App\2.0.5\System.Collections.NonGeneric.dll</ModulePath>
      <ModuleTime>2017-12-20T09:43:14Z</ModuleTime>
      <ModuleName>System.Collections.NonGeneric</ModuleName>
      <Files />
      <Classes />
    </Module>
    <Module skippedDueTo="Filter" hash="82-95-DE-D4-D6-42-93-7A-86-68-E5-8F-AF-86-43-C2-89-C3-DE-4E">
      <ModulePath>C:\Program Files\dotnet\shared\Microsoft.NETCore.App\2.0.5\System.Collections.Concurrent.dll</ModulePath>
      <ModuleTime>2017-12-20T09:43:14Z</ModuleTime>
      <ModuleName>System.Collections.Concurrent</ModuleName>
      <Files />
      <Classes />
    </Module>
    <Module skippedDueTo="Filter" hash="05-CA-33-B6-B6-A2-E6-51-94-A6-A1-3A-E4-89-E3-1D-16-80-6E-1F">
      <ModulePath>C:\Program Files\dotnet\sdk\2.1.4\dotnet.dll</ModulePath>
      <ModuleTime>2017-12-20T17:01:56Z</ModuleTime>
      <ModuleName>dotnet</ModuleName>
      <Files />
      <Classes />
    </Module>
    <Module skippedDueTo="Filter" hash="2B-4B-FF-53-BE-DA-8C-8A-3F-0B-3A-49-A9-67-38-AA-90-56-FA-18">
      <ModulePath>C:\Program Files\dotnet\sdk\2.1.4\Microsoft.Build.Utilities.Core.dll</ModulePath>
      <ModuleTime>2017-12-20T17:00:50Z</ModuleTime>
      <ModuleName>Microsoft.Build.Utilities.Core</ModuleName>
      <Files />
      <Classes />
    </Module>
    <Module skippedDueTo="Filter" hash="8C-DE-36-C4-DE-C0-7F-32-31-04-38-22-0F-6D-54-93-CC-12-65-7F">
      <ModulePath>C:\Program Files\dotnet\sdk\2.1.4\Microsoft.DotNet.Tools.MigrateCommand.dll</ModulePath>
      <ModuleTime>2017-12-20T17:00:50Z</ModuleTime>
      <ModuleName>Microsoft.DotNet.Tools.MigrateCommand</ModuleName>
      <Files />
      <Classes />
    </Module>
    <Module skippedDueTo="Filter" hash="DC-BB-A6-A1-EA-28-DC-8D-8C-28-8A-4A-A8-86-22-C2-B9-B1-8A-DD">
      <ModulePath>C:\Program Files\dotnet\sdk\2.1.4\Microsoft.DotNet.Cli.Utils.dll</ModulePath>
      <ModuleTime>2017-12-20T17:00:50Z</ModuleTime>
      <ModuleName>Microsoft.DotNet.Cli.Utils</ModuleName>
      <Files />
      <Classes />
    </Module>
    <Module skippedDueTo="Filter" hash="6F-7A-2A-41-67-B6-4C-69-3B-FE-12-6C-7D-F2-97-DC-18-84-9B-56">
      <ModulePath>C:\Program Files\dotnet\sdk\2.1.4\NuGet.Frameworks.dll</ModulePath>
      <ModuleTime>2017-12-20T17:00:46Z</ModuleTime>
      <ModuleName>NuGet.Frameworks</ModuleName>
      <Files />
      <Classes />
    </Module>
    <Module skippedDueTo="Filter" hash="63-FD-C6-E8-DB-A7-8A-8E-25-84-B8-B0-B6-62-FF-9D-E2-7E-B9-D0">
      <ModulePath>C:\Program Files\dotnet\shared\Microsoft.NETCore.App\2.0.5\System.Reflection.Extensions.dll</ModulePath>
      <ModuleTime>2017-12-20T09:43:16Z</ModuleTime>
      <ModuleName>System.Reflection.Extensions</ModuleName>
      <Files />
      <Classes />
    </Module>
    <Module skippedDueTo="Filter" hash="01-E3-3F-04-6D-FA-DF-23-89-7C-DA-01-CF-F6-42-AA-64-65-18-30">
      <ModulePath>C:\Program Files\dotnet\sdk\2.1.4\Microsoft.DotNet.Configurer.dll</ModulePath>
      <ModuleTime>2017-12-20T17:00:50Z</ModuleTime>
      <ModuleName>Microsoft.DotNet.Configurer</ModuleName>
      <Files />
      <Classes />
    </Module>
    <Module skippedDueTo="Filter" hash="66-47-DF-31-6E-C8-E8-C5-BE-E2-F2-9C-35-A4-7A-5E-CA-9C-D2-9E">
      <ModulePath>C:\Program Files\dotnet\sdk\2.1.4\Microsoft.DotNet.InternalAbstractions.dll</ModulePath>
      <ModuleTime>2017-12-20T17:00:50Z</ModuleTime>
      <ModuleName>Microsoft.DotNet.InternalAbstractions</ModuleName>
      <Files />
      <Classes />
    </Module>
    <Module skippedDueTo="Filter" hash="F0-22-19-B7-F6-63-1E-8A-97-BC-E3-A8-0E-86-F3-9E-06-44-E8-01">
      <ModulePath>C:\Program Files\dotnet\shared\Microsoft.NETCore.App\2.0.5\System.IO.FileSystem.Primitives.dll</ModulePath>
      <ModuleTime>2017-12-20T09:43:14Z</ModuleTime>
      <ModuleName>System.IO.FileSystem.Primitives</ModuleName>
      <Files />
      <Classes />
    </Module>
    <Module skippedDueTo="Filter" hash="B3-AC-93-5E-33-87-22-E8-1D-6C-34-05-6F-2E-16-57-AA-4A-33-6F">
      <ModulePath>C:\Program Files\dotnet\sdk\2.1.4\Microsoft.ApplicationInsights.dll</ModulePath>
      <ModuleTime>2017-12-20T17:00:44Z</ModuleTime>
      <ModuleName>Microsoft.ApplicationInsights</ModuleName>
      <Files />
      <Classes />
    </Module>
    <Module skippedDueTo="Filter" hash="20-A8-DA-AB-DE-0F-5C-1B-25-28-68-80-29-DE-E7-7F-77-D1-60-6F">
      <ModulePath>C:\Program Files\dotnet\shared\Microsoft.NETCore.App\2.0.5\System.Text.Encoding.Extensions.dll</ModulePath>
      <ModuleTime>2017-12-20T09:43:18Z</ModuleTime>
      <ModuleName>System.Text.Encoding.Extensions</ModuleName>
      <Files />
      <Classes />
    </Module>
    <Module skippedDueTo="Filter" hash="6D-56-C5-17-8B-4A-90-00-7C-75-14-27-E1-65-51-4D-F8-11-BC-43">
      <ModulePath>C:\Program Files\dotnet\sdk\2.1.4\Microsoft.DotNet.PlatformAbstractions.dll</ModulePath>
      <ModuleTime>2017-12-20T17:00:50Z</ModuleTime>
      <ModuleName>Microsoft.DotNet.PlatformAbstractions</ModuleName>
      <Files />
      <Classes />
    </Module>
    <Module skippedDueTo="Filter" hash="F0-2A-3E-CE-48-89-A7-70-18-E7-BA-0D-82-2A-77-3B-AE-04-CE-0D">
      <ModulePath>C:\Program Files\dotnet\shared\Microsoft.NETCore.App\2.0.5\System.Xml.XDocument.dll</ModulePath>
      <ModuleTime>2017-12-20T09:43:18Z</ModuleTime>
      <ModuleName>System.Xml.XDocument</ModuleName>
      <Files />
      <Classes />
    </Module>
    <Module skippedDueTo="Filter" hash="0F-E5-54-36-4A-AB-17-3D-8C-8E-60-FB-2F-AD-DF-D5-89-33-3D-32">
      <ModulePath>C:\Program Files\dotnet\shared\Microsoft.NETCore.App\2.0.5\System.Private.Xml.Linq.dll</ModulePath>
      <ModuleTime>2017-12-20T09:43:16Z</ModuleTime>
      <ModuleName>System.Private.Xml.Linq</ModuleName>
      <Files />
      <Classes />
    </Module>
    <Module skippedDueTo="Filter" hash="9A-70-A6-50-0F-28-79-0D-1F-D8-33-79-CE-2C-B1-CC-DA-2F-9B-10">
      <ModulePath>C:\Program Files\dotnet\shared\Microsoft.NETCore.App\2.0.5\System.Runtime.Handles.dll</ModulePath>
      <ModuleTime>2017-12-20T09:43:16Z</ModuleTime>
      <ModuleName>System.Runtime.Handles</ModuleName>
      <Files />
      <Classes />
    </Module>
    <Module skippedDueTo="Filter" hash="15-84-CE-11-DD-24-30-6C-BA-9A-E0-EA-17-33-E2-DC-4B-77-8C-A6">
      <ModulePath>C:\Program Files\dotnet\shared\Microsoft.NETCore.App\2.0.5\System.Private.Xml.dll</ModulePath>
      <ModuleTime>2017-12-20T09:43:16Z</ModuleTime>
      <ModuleName>System.Private.Xml</ModuleName>
      <Files />
      <Classes />
    </Module>
    <Module skippedDueTo="Filter" hash="3A-5B-10-CD-6F-9C-A6-09-E7-EB-30-7C-FA-E0-3E-E6-D8-AE-D2-AE">
      <ModulePath>C:\Program Files\dotnet\shared\Microsoft.NETCore.App\2.0.5\System.Xml.ReaderWriter.dll</ModulePath>
      <ModuleTime>2017-12-20T09:43:18Z</ModuleTime>
      <ModuleName>System.Xml.ReaderWriter</ModuleName>
      <Files />
      <Classes />
    </Module>
    <Module skippedDueTo="Filter" hash="93-6F-E7-9E-71-4C-2E-6B-3D-36-8A-37-76-77-D8-66-84-44-B2-15">
      <ModulePath>C:\Program Files\dotnet\shared\Microsoft.NETCore.App\2.0.5\System.Diagnostics.Tracing.dll</ModulePath>
      <ModuleTime>2017-12-20T09:43:14Z</ModuleTime>
      <ModuleName>System.Diagnostics.Tracing</ModuleName>
      <Files />
      <Classes />
    </Module>
    <Module skippedDueTo="Filter" hash="63-9F-D2-08-25-C0-01-C1-35-4A-0E-AC-D8-A9-2B-84-82-52-B0-5C">
      <ModulePath>C:\Program Files\dotnet\shared\Microsoft.NETCore.App\2.0.5\System.Private.Uri.dll</ModulePath>
      <ModuleTime>2017-12-20T09:43:16Z</ModuleTime>
      <ModuleName>System.Private.Uri</ModuleName>
      <Files />
      <Classes />
    </Module>
    <Module skippedDueTo="Filter" hash="8A-C1-C1-60-CF-62-87-A7-80-01-01-C3-2D-DD-BB-15-43-80-F8-80">
      <ModulePath>C:\Program Files\dotnet\shared\Microsoft.NETCore.App\2.0.5\System.Threading.Tasks.dll</ModulePath>
      <ModuleTime>2017-12-20T09:43:18Z</ModuleTime>
      <ModuleName>System.Threading.Tasks</ModuleName>
      <Files />
      <Classes />
    </Module>
    <Module skippedDueTo="Filter" hash="36-18-90-38-AF-FF-9C-6F-4A-19-8E-15-21-40-35-4F-9F-F0-D8-0E">
      <ModulePath>C:\Program Files\dotnet\shared\Microsoft.NETCore.App\2.0.5\System.Threading.Tasks.Dataflow.dll</ModulePath>
      <ModuleTime>2017-12-20T09:43:18Z</ModuleTime>
      <ModuleName>System.Threading.Tasks.Dataflow</ModuleName>
      <Files />
      <Classes />
    </Module>
    <Module skippedDueTo="Filter" hash="60-90-01-7F-22-26-A1-16-2A-38-12-04-3D-D9-3D-90-D0-D0-4A-29">
      <ModulePath>C:\Program Files\dotnet\shared\Microsoft.NETCore.App\2.0.5\System.Security.Cryptography.Algorithms.dll</ModulePath>
      <ModuleTime>2017-12-20T09:43:16Z</ModuleTime>
      <ModuleName>System.Security.Cryptography.Algorithms</ModuleName>
      <Files />
      <Classes />
    </Module>
    <Module skippedDueTo="Filter" hash="47-5E-28-B2-AE-0D-E4-88-2D-81-90-A5-7C-CF-70-19-97-25-75-51">
      <ModulePath>C:\Program Files\dotnet\shared\Microsoft.NETCore.App\2.0.5\System.Security.Cryptography.Primitives.dll</ModulePath>
      <ModuleTime>2017-12-20T09:43:16Z</ModuleTime>
      <ModuleName>System.Security.Cryptography.Primitives</ModuleName>
      <Files />
      <Classes />
    </Module>
    <Module skippedDueTo="Filter" hash="5E-29-2B-37-FE-34-E8-DE-17-B6-19-AD-3F-39-2B-5A-90-6A-3A-12">
      <ModulePath>C:\Program Files\dotnet\shared\Microsoft.NETCore.App\2.0.5\netstandard.dll</ModulePath>
      <ModuleTime>2017-12-20T09:43:18Z</ModuleTime>
      <ModuleName>netstandard</ModuleName>
      <Files />
      <Classes />
    </Module>
    <Module skippedDueTo="Filter" hash="16-A3-A2-20-FF-D0-10-40-9D-3F-07-7F-3D-B1-23-42-5F-91-7C-7F">
      <ModulePath>C:\Program Files\dotnet\shared\Microsoft.NETCore.App\2.0.5\System.Resources.ResourceManager.dll</ModulePath>
      <ModuleTime>2017-12-20T09:43:16Z</ModuleTime>
      <ModuleName>System.Resources.ResourceManager</ModuleName>
      <Files />
      <Classes />
    </Module>
    <Module skippedDueTo="Filter" hash="56-11-B7-4C-4D-A0-46-2B-4B-36-79-ED-1F-A0-C9-09-52-16-63-47">
      <ModulePath>C:\Program Files\dotnet\shared\Microsoft.NETCore.App\2.0.5\System.ObjectModel.dll</ModulePath>
      <ModuleTime>2017-12-20T09:43:16Z</ModuleTime>
      <ModuleName>System.ObjectModel</ModuleName>
      <Files />
      <Classes />
    </Module>
    <Module skippedDueTo="Filter" hash="E0-CA-FD-F0-0C-6E-52-39-7A-EF-F1-48-E0-CD-C2-9D-E5-79-E6-78">
      <ModulePath>C:\Program Files\dotnet\shared\Microsoft.NETCore.App\2.0.5\System.Threading.Thread.dll</ModulePath>
      <ModuleTime>2017-12-20T09:43:18Z</ModuleTime>
      <ModuleName>System.Threading.Thread</ModuleName>
      <Files />
      <Classes />
    </Module>
    <Module skippedDueTo="Filter" hash="8E-F1-C5-CB-FA-53-02-66-36-2E-9B-66-DF-41-38-01-35-FD-71-2D">
      <ModulePath>C:\Program Files\dotnet\shared\Microsoft.NETCore.App\2.0.5\System.Xml.XmlDocument.dll</ModulePath>
      <ModuleTime>2017-12-20T09:43:18Z</ModuleTime>
      <ModuleName>System.Xml.XmlDocument</ModuleName>
      <Files />
      <Classes />
    </Module>
    <Module skippedDueTo="Filter" hash="97-40-56-27-AF-A6-21-E7-6D-03-81-75-9F-9E-17-23-DC-84-7E-D1">
      <ModulePath>C:\Program Files\dotnet\shared\Microsoft.NETCore.App\2.0.5\System.Diagnostics.TraceSource.dll</ModulePath>
      <ModuleTime>2017-12-20T09:43:14Z</ModuleTime>
      <ModuleName>System.Diagnostics.TraceSource</ModuleName>
      <Files />
      <Classes />
    </Module>
    <Module skippedDueTo="Filter" hash="6A-66-01-46-FC-61-B5-39-4F-D6-F0-74-63-5B-B3-72-86-E5-DA-46">
      <ModulePath>C:\Program Files\dotnet\shared\Microsoft.NETCore.App\2.0.5\System.Collections.Immutable.dll</ModulePath>
      <ModuleTime>2017-12-20T09:43:14Z</ModuleTime>
      <ModuleName>System.Collections.Immutable</ModuleName>
      <Files />
      <Classes />
    </Module>
    <Module skippedDueTo="Filter" hash="97-3E-65-BD-68-91-20-12-B1-10-45-13-DA-F3-BB-95-AA-24-82-B2">
      <ModulePath>C:\Program Files\dotnet\shared\Microsoft.NETCore.App\2.0.5\System.Reflection.Primitives.dll</ModulePath>
      <ModuleTime>2017-12-20T09:43:16Z</ModuleTime>
      <ModuleName>System.Reflection.Primitives</ModuleName>
      <Files />
      <Classes />
    </Module>
    <Module skippedDueTo="Filter" hash="87-54-ED-76-7A-BD-5B-3D-F9-EE-1A-91-BC-73-06-46-AD-EF-D2-9E">
      <ModulePath>C:\Program Files\dotnet\shared\Microsoft.NETCore.App\2.0.5\System.Threading.Tasks.Parallel.dll</ModulePath>
      <ModuleTime>2017-12-20T09:43:18Z</ModuleTime>
      <ModuleName>System.Threading.Tasks.Parallel</ModuleName>
      <Files />
      <Classes />
    </Module>
    <Module skippedDueTo="Filter" hash="BC-C8-59-55-D4-A5-E8-D3-F8-01-77-2F-30-AC-25-F1-41-F7-A9-CB">
      <ModulePath>C:\Program Files\dotnet\shared\Microsoft.NETCore.App\2.0.5\System.Net.Primitives.dll</ModulePath>
      <ModuleTime>2017-12-20T09:43:16Z</ModuleTime>
      <ModuleName>System.Net.Primitives</ModuleName>
      <Files />
      <Classes />
    </Module>
    <Module skippedDueTo="Filter" hash="79-CD-7C-5A-F9-53-94-E8-EE-11-D5-B8-43-4F-75-12-98-4C-79-A1">
      <ModulePath>C:\Program Files\dotnet\sdk\2.1.4\Microsoft.Build.Tasks.Core.dll</ModulePath>
      <ModuleTime>2017-12-20T17:00:50Z</ModuleTime>
      <ModuleName>Microsoft.Build.Tasks.Core</ModuleName>
      <Files />
      <Classes />
    </Module>
    <Module skippedDueTo="Filter" hash="27-B6-83-A8-42-4B-7B-FF-FA-8A-62-BB-0C-AE-CB-A8-90-8A-5E-2E">
      <ModulePath>C:\Program Files\dotnet\shared\Microsoft.NETCore.App\2.0.5\System.Threading.ThreadPool.dll</ModulePath>
      <ModuleTime>2017-12-20T09:43:18Z</ModuleTime>
      <ModuleName>System.Threading.ThreadPool</ModuleName>
      <Files />
      <Classes />
    </Module>
    <Module skippedDueTo="Filter" hash="2F-8E-3B-30-1F-5B-59-AF-53-35-C5-54-F1-92-C9-6B-98-54-FC-E1">
      <ModulePath>C:\Program Files\dotnet\sdk\2.1.4\NuGet.Build.Tasks.dll</ModulePath>
      <ModuleTime>2017-12-20T17:00:44Z</ModuleTime>
      <ModuleName>NuGet.Build.Tasks</ModuleName>
      <Files />
      <Classes />
    </Module>
    <Module skippedDueTo="Filter" hash="0E-F5-BD-11-38-73-FE-40-01-0A-20-53-E2-D1-01-05-D6-E1-FF-02">
      <ModulePath>C:\Program Files\dotnet\sdk\2.1.4\NuGet.Commands.dll</ModulePath>
      <ModuleTime>2017-12-20T17:00:46Z</ModuleTime>
      <ModuleName>NuGet.Commands</ModuleName>
      <Files />
      <Classes />
    </Module>
    <Module skippedDueTo="Filter" hash="FD-40-4D-2E-74-52-3B-01-11-C9-35-BF-3C-5F-10-3D-2D-D2-07-91">
      <ModulePath>C:\Program Files\dotnet\sdk\2.1.4\NuGet.Common.dll</ModulePath>
      <ModuleTime>2017-12-20T17:00:46Z</ModuleTime>
      <ModuleName>NuGet.Common</ModuleName>
      <Files />
      <Classes />
    </Module>
    <Module skippedDueTo="Filter" hash="39-30-66-E2-5C-70-C1-C0-D3-39-24-21-68-E7-95-C9-61-D6-C5-84">
      <ModulePath>C:\Program Files\dotnet\sdk\2.1.4\NuGet.ProjectModel.dll</ModulePath>
      <ModuleTime>2017-12-20T17:00:46Z</ModuleTime>
      <ModuleName>NuGet.ProjectModel</ModuleName>
      <Files />
      <Classes />
    </Module>
    <Module skippedDueTo="Filter" hash="BD-BD-03-EF-63-DB-44-45-6C-30-1A-FB-18-9E-5C-DC-27-E1-D4-FA">
      <ModulePath>C:\Program Files\dotnet\sdk\2.1.4\NuGet.Versioning.dll</ModulePath>
      <ModuleTime>2017-12-20T17:00:46Z</ModuleTime>
      <ModuleName>NuGet.Versioning</ModuleName>
      <Files />
      <Classes />
    </Module>
    <Module skippedDueTo="Filter" hash="A5-70-45-D9-B7-AF-3E-60-FF-09-DC-93-05-69-FA-78-A3-A7-C9-FD">
      <ModulePath>C:\Program Files\dotnet\sdk\2.1.4\NuGet.Protocol.dll</ModulePath>
      <ModuleTime>2017-12-20T17:00:46Z</ModuleTime>
      <ModuleName>NuGet.Protocol</ModuleName>
      <Files />
      <Classes />
    </Module>
    <Module skippedDueTo="Filter" hash="86-86-CB-0E-DC-CD-D9-7A-5F-89-FD-D5-8A-D7-9D-75-55-CE-40-64">
      <ModulePath>C:\Program Files\dotnet\sdk\2.1.4\NuGet.Configuration.dll</ModulePath>
      <ModuleTime>2017-12-20T17:00:46Z</ModuleTime>
      <ModuleName>NuGet.Configuration</ModuleName>
      <Files />
      <Classes />
    </Module>
    <Module skippedDueTo="Filter" hash="AB-81-04-9E-0A-77-EB-8B-73-D2-E1-44-5F-E3-BB-C7-AF-04-FC-D5">
      <ModulePath>C:\Program Files\dotnet\sdk\2.1.4\NuGet.Packaging.dll</ModulePath>
      <ModuleTime>2017-12-20T17:00:46Z</ModuleTime>
      <ModuleName>NuGet.Packaging</ModuleName>
      <Files />
      <Classes />
    </Module>
    <Module skippedDueTo="Filter" hash="F2-24-7B-7D-8F-EE-E7-8F-39-A7-21-FE-48-34-DA-95-BC-F1-0D-B9">
      <ModulePath>C:\Program Files\dotnet\sdk\2.1.4\NuGet.DependencyResolver.Core.dll</ModulePath>
      <ModuleTime>2017-12-20T17:00:46Z</ModuleTime>
      <ModuleName>NuGet.DependencyResolver.Core</ModuleName>
      <Files />
      <Classes />
    </Module>
    <Module skippedDueTo="Filter" hash="B1-9F-E0-AC-97-78-F1-F0-5F-7A-66-1F-1A-EA-43-21-CB-B2-D5-60">
      <ModulePath>C:\Program Files\dotnet\sdk\2.1.4\NuGet.Packaging.Core.dll</ModulePath>
      <ModuleTime>2017-12-20T17:00:46Z</ModuleTime>
      <ModuleName>NuGet.Packaging.Core</ModuleName>
      <Files />
      <Classes />
    </Module>
    <Module skippedDueTo="Filter" hash="6B-3C-94-5D-46-C3-27-3E-4E-3D-DB-21-88-6F-9A-F0-5D-03-8A-6A">
      <ModulePath>C:\Program Files\dotnet\sdk\2.1.4\Newtonsoft.Json.dll</ModulePath>
      <ModuleTime>2017-12-20T17:00:26Z</ModuleTime>
      <ModuleName>Newtonsoft.Json</ModuleName>
      <Files />
      <Classes />
    </Module>
    <Module skippedDueTo="Filter" hash="35-DC-CC-E9-57-61-AC-85-41-59-25-B2-9E-14-47-71-C9-E4-FC-85">
      <ModulePath>C:\Program Files\dotnet\shared\Microsoft.NETCore.App\2.0.5\System.Dynamic.Runtime.dll</ModulePath>
      <ModuleTime>2017-12-20T09:43:14Z</ModuleTime>
      <ModuleName>System.Dynamic.Runtime</ModuleName>
      <Files />
      <Classes />
    </Module>
    <Module skippedDueTo="Filter" hash="20-5D-75-24-58-40-A3-36-3B-61-DE-D0-E9-9E-5B-96-7F-AE-89-AE">
      <ModulePath>C:\Program Files\dotnet\shared\Microsoft.NETCore.App\2.0.5\System.Linq.Expressions.dll</ModulePath>
      <ModuleTime>2017-12-20T09:43:14Z</ModuleTime>
      <ModuleName>System.Linq.Expressions</ModuleName>
      <Files />
      <Classes />
    </Module>
    <Module skippedDueTo="Filter" hash="9C-B8-AF-E5-EF-AA-53-40-19-CD-15-D4-D8-3D-81-31-11-A0-C7-F1">
      <ModulePath>C:\Program Files\dotnet\sdk\2.1.4\NuGet.LibraryModel.dll</ModulePath>
      <ModuleTime>2017-12-20T17:00:46Z</ModuleTime>
      <ModuleName>NuGet.LibraryModel</ModuleName>
      <Files />
      <Classes />
    </Module>
    <Module skippedDueTo="Filter" hash="C4-14-11-38-90-3F-28-52-DE-C7-FD-70-AD-3C-3D-B9-63-A3-CB-00">
      <ModulePath>C:\Program Files\dotnet\sdk\2.1.4\Microsoft.TestPlatform.Build.dll</ModulePath>
      <ModuleTime>2017-12-20T17:00:52Z</ModuleTime>
      <ModuleName>Microsoft.TestPlatform.Build</ModuleName>
      <Files />
      <Classes />
    </Module>
    <Module skippedDueTo="Filter" hash="A1-B2-87-D4-78-17-12-F6-93-F9-84-93-4C-AF-7A-D7-B0-96-20-33">
      <ModulePath>C:\Program Files\dotnet\shared\Microsoft.NETCore.App\2.0.5\System.Runtime.Loader.dll</ModulePath>
      <ModuleTime>2017-12-20T09:43:16Z</ModuleTime>
      <ModuleName>System.Runtime.Loader</ModuleName>
      <Files />
      <Classes />
    </Module>
    <Module skippedDueTo="Filter" hash="3D-7A-95-F2-92-5D-92-E6-1B-FF-B6-F1-24-1A-37-3A-3A-83-D1-CC">
      <ModulePath>C:\Program Files\dotnet\sdk\2.1.4\Microsoft\Microsoft.NET.Build.Extensions\\tools\netcoreapp1.0\Microsoft.NET.Build.Extensions.Tasks.dll</ModulePath>
      <ModuleTime>2017-12-20T17:00:50Z</ModuleTime>
      <ModuleName>Microsoft.NET.Build.Extensions.Tasks</ModuleName>
      <Files />
      <Classes />
    </Module>
    <Module skippedDueTo="Filter" hash="58-71-85-F3-A2-AA-41-A3-EF-A4-E7-2B-B9-25-87-F7-0C-2F-07-04">
      <ModulePath>C:\Program Files\dotnet\shared\Microsoft.NETCore.App\2.0.5\System.Reflection.Metadata.dll</ModulePath>
      <ModuleTime>2017-12-20T09:43:16Z</ModuleTime>
      <ModuleName>System.Reflection.Metadata</ModuleName>
      <Files />
      <Classes />
    </Module>
    <Module skippedDueTo="Filter" hash="78-93-AB-0E-5A-DA-AE-1D-D8-C6-A9-7C-87-DF-AA-42-C2-16-08-20">
      <ModulePath>C:\Program Files\dotnet\shared\Microsoft.NETCore.App\2.0.5\System.IO.MemoryMappedFiles.dll</ModulePath>
      <ModuleTime>2017-12-20T09:43:14Z</ModuleTime>
      <ModuleName>System.IO.MemoryMappedFiles</ModuleName>
      <Files />
      <Classes />
    </Module>
    <Module skippedDueTo="Filter" hash="B0-2D-50-81-B2-E4-8F-1F-DD-64-EA-16-5C-E2-85-D2-C6-9F-C1-DA">
      <ModulePath>C:\Program Files\dotnet\shared\Microsoft.NETCore.App\2.0.5\Microsoft.Win32.Primitives.dll</ModulePath>
      <ModuleTime>2017-12-20T09:43:14Z</ModuleTime>
      <ModuleName>Microsoft.Win32.Primitives</ModuleName>
      <Files />
      <Classes />
    </Module>
    <Module skippedDueTo="Filter" hash="6B-FD-F4-02-2D-A1-32-9E-EE-D5-BD-34-EB-7B-26-DE-57-19-B5-DE">
      <ModulePath>C:\Program Files\dotnet\shared\Microsoft.NETCore.App\2.0.5\System.Private.CoreLib.dll</ModulePath>
      <ModuleTime>2017-12-20T09:43:18Z</ModuleTime>
      <ModuleName>System.Private.CoreLib</ModuleName>
      <Files />
      <Classes />
    </Module>
    <Module skippedDueTo="Filter" hash="03-BB-06-B8-13-46-F4-8E-09-96-E8-6A-5D-DF-59-81-67-0E-47-A8">
      <ModulePath>C:\Program Files\dotnet\sdk\2.1.4\vstest.console.dll</ModulePath>
      <ModuleTime>2017-12-20T17:00:32Z</ModuleTime>
      <ModuleName>vstest.console</ModuleName>
      <Files />
      <Classes />
    </Module>
    <Module skippedDueTo="Filter" hash="41-1F-8E-E9-67-29-F0-15-6D-EB-92-86-91-0B-7E-88-1E-12-8D-0C">
      <ModulePath>C:\Program Files\dotnet\shared\Microsoft.NETCore.App\2.0.5\System.Runtime.dll</ModulePath>
      <ModuleTime>2017-12-20T09:43:16Z</ModuleTime>
      <ModuleName>System.Runtime</ModuleName>
      <Files />
      <Classes />
    </Module>
    <Module skippedDueTo="Filter" hash="51-C2-8E-5D-FC-F3-88-D1-CD-DE-BB-6D-74-11-AD-D9-4B-1D-A6-88">
      <ModulePath>C:\Program Files\dotnet\shared\Microsoft.NETCore.App\2.0.5\System.Diagnostics.Process.dll</ModulePath>
      <ModuleTime>2017-12-20T09:43:14Z</ModuleTime>
      <ModuleName>System.Diagnostics.Process</ModuleName>
      <Files />
      <Classes />
    </Module>
    <Module skippedDueTo="Filter" hash="09-C8-71-E7-F6-68-C3-70-8C-E9-4A-97-5C-91-E8-8C-68-4F-BD-67">
      <ModulePath>C:\Program Files\dotnet\shared\Microsoft.NETCore.App\2.0.5\System.ComponentModel.Primitives.dll</ModulePath>
      <ModuleTime>2017-12-20T09:43:14Z</ModuleTime>
      <ModuleName>System.ComponentModel.Primitives</ModuleName>
      <Files />
      <Classes />
    </Module>
    <Module skippedDueTo="Filter" hash="39-20-64-84-D7-D0-5A-A6-43-87-E7-0D-7F-9A-8C-6B-51-C9-F5-E9">
      <ModulePath>C:\Program Files\dotnet\shared\Microsoft.NETCore.App\2.0.5\System.Runtime.Extensions.dll</ModulePath>
      <ModuleTime>2017-12-20T09:43:16Z</ModuleTime>
      <ModuleName>System.Runtime.Extensions</ModuleName>
      <Files />
      <Classes />
    </Module>
    <Module skippedDueTo="Filter" hash="DE-9B-13-3E-A9-33-B3-FE-B6-F0-06-73-15-B0-49-06-F4-29-E4-3F">
      <ModulePath>C:\Program Files\dotnet\sdk\2.1.4\Microsoft.TestPlatform.CoreUtilities.dll</ModulePath>
      <ModuleTime>2017-12-20T17:00:52Z</ModuleTime>
      <ModuleName>Microsoft.TestPlatform.CoreUtilities</ModuleName>
      <Files />
      <Classes />
    </Module>
    <Module skippedDueTo="Filter" hash="83-4E-45-08-D9-46-CD-BA-0B-6A-F1-CE-46-49-B1-9B-9F-78-A4-6C">
      <ModulePath>C:\Program Files\dotnet\shared\Microsoft.NETCore.App\2.0.5\System.Diagnostics.Debug.dll</ModulePath>
      <ModuleTime>2017-12-20T09:43:14Z</ModuleTime>
      <ModuleName>System.Diagnostics.Debug</ModuleName>
      <Files />
      <Classes />
    </Module>
    <Module skippedDueTo="Filter" hash="E0-CA-FD-F0-0C-6E-52-39-7A-EF-F1-48-E0-CD-C2-9D-E5-79-E6-78">
      <ModulePath>C:\Program Files\dotnet\shared\Microsoft.NETCore.App\2.0.5\System.Threading.Thread.dll</ModulePath>
      <ModuleTime>2017-12-20T09:43:18Z</ModuleTime>
      <ModuleName>System.Threading.Thread</ModuleName>
      <Files />
      <Classes />
    </Module>
    <Module skippedDueTo="Filter" hash="E6-F9-D6-79-C9-63-36-8C-A9-C1-04-E0-B6-50-AA-09-5B-ED-80-1B">
      <ModulePath>C:\Program Files\dotnet\shared\Microsoft.NETCore.App\2.0.5\System.Threading.dll</ModulePath>
      <ModuleTime>2017-12-20T09:43:18Z</ModuleTime>
      <ModuleName>System.Threading</ModuleName>
      <Files />
      <Classes />
    </Module>
    <Module skippedDueTo="Filter" hash="CB-5D-AF-E0-6F-08-BA-B5-94-92-31-00-DC-C5-F0-3D-FA-CB-16-78">
      <ModulePath>C:\Program Files\dotnet\shared\Microsoft.NETCore.App\2.0.5\System.Console.dll</ModulePath>
      <ModuleTime>2017-12-20T09:43:14Z</ModuleTime>
      <ModuleName>System.Console</ModuleName>
      <Files />
      <Classes />
    </Module>
    <Module skippedDueTo="Filter" hash="16-8B-5C-B4-09-1A-39-6B-32-EA-F8-67-7F-7B-56-F1-65-00-CF-6C">
      <ModulePath>C:\Program Files\dotnet\shared\Microsoft.NETCore.App\2.0.5\System.IO.dll</ModulePath>
      <ModuleTime>2017-12-20T09:43:14Z</ModuleTime>
      <ModuleName>System.IO</ModuleName>
      <Files />
      <Classes />
    </Module>
    <Module skippedDueTo="Filter" hash="20-A8-DA-AB-DE-0F-5C-1B-25-28-68-80-29-DE-E7-7F-77-D1-60-6F">
      <ModulePath>C:\Program Files\dotnet\shared\Microsoft.NETCore.App\2.0.5\System.Text.Encoding.Extensions.dll</ModulePath>
      <ModuleTime>2017-12-20T09:43:18Z</ModuleTime>
      <ModuleName>System.Text.Encoding.Extensions</ModuleName>
      <Files />
      <Classes />
    </Module>
    <Module skippedDueTo="Filter" hash="93-6F-E7-9E-71-4C-2E-6B-3D-36-8A-37-76-77-D8-66-84-44-B2-15">
      <ModulePath>C:\Program Files\dotnet\shared\Microsoft.NETCore.App\2.0.5\System.Diagnostics.Tracing.dll</ModulePath>
      <ModuleTime>2017-12-20T09:43:14Z</ModuleTime>
      <ModuleName>System.Diagnostics.Tracing</ModuleName>
      <Files />
      <Classes />
    </Module>
    <Module skippedDueTo="Filter" hash="CD-27-4E-FD-67-2D-90-A9-46-6A-BC-AE-CC-0D-1A-35-51-BA-78-D1">
      <ModulePath>C:\Program Files\dotnet\shared\Microsoft.NETCore.App\2.0.5\System.Collections.dll</ModulePath>
      <ModuleTime>2017-12-20T09:43:14Z</ModuleTime>
      <ModuleName>System.Collections</ModuleName>
      <Files />
      <Classes />
    </Module>
    <Module skippedDueTo="Filter" hash="3F-6C-88-C6-E2-D6-CC-76-6D-BD-CE-C5-E8-7A-E0-7F-AC-49-65-42">
      <ModulePath>C:\Program Files\dotnet\sdk\2.1.4\Microsoft.VisualStudio.TestPlatform.ObjectModel.dll</ModulePath>
      <ModuleTime>2017-12-20T17:00:52Z</ModuleTime>
      <ModuleName>Microsoft.VisualStudio.TestPlatform.ObjectModel</ModuleName>
      <Files />
      <Classes />
    </Module>
    <Module skippedDueTo="Filter" hash="59-B9-EF-BE-D6-BC-A8-0B-EF-2B-F4-90-1F-97-0E-37-C1-AC-2E-7F">
      <ModulePath>C:\Program Files\dotnet\sdk\2.1.4\Microsoft.VisualStudio.TestPlatform.Client.dll</ModulePath>
      <ModuleTime>2017-12-20T17:00:52Z</ModuleTime>
      <ModuleName>Microsoft.VisualStudio.TestPlatform.Client</ModuleName>
      <Files />
      <Classes />
    </Module>
    <Module skippedDueTo="Filter" hash="BC-0A-81-3C-92-0A-52-58-87-FD-5B-73-06-FD-FE-8F-38-20-68-20">
      <ModulePath>C:\Program Files\dotnet\sdk\2.1.4\Microsoft.VisualStudio.TestPlatform.Common.dll</ModulePath>
      <ModuleTime>2017-12-20T17:00:52Z</ModuleTime>
      <ModuleName>Microsoft.VisualStudio.TestPlatform.Common</ModuleName>
      <Files />
      <Classes />
    </Module>
    <Module skippedDueTo="Filter" hash="11-1D-A8-A9-0E-B7-F5-02-3A-DE-28-0A-99-E7-FF-1C-E9-B7-8F-3D">
      <ModulePath>C:\Program Files\dotnet\shared\Microsoft.NETCore.App\2.0.5\System.Linq.dll</ModulePath>
      <ModuleTime>2017-12-20T09:43:16Z</ModuleTime>
      <ModuleName>System.Linq</ModuleName>
      <Files />
      <Classes />
    </Module>
    <Module skippedDueTo="Filter" hash="B5-05-9F-47-D9-B8-DC-49-D5-D5-06-B6-30-3D-DB-39-94-F8-25-1B">
      <ModulePath>C:\Program Files\dotnet\shared\Microsoft.NETCore.App\2.0.5\System.Runtime.InteropServices.dll</ModulePath>
      <ModuleTime>2017-12-20T09:43:16Z</ModuleTime>
      <ModuleName>System.Runtime.InteropServices</ModuleName>
      <Files />
      <Classes />
    </Module>
    <Module skippedDueTo="Filter" hash="16-A3-A2-20-FF-D0-10-40-9D-3F-07-7F-3D-B1-23-42-5F-91-7C-7F">
      <ModulePath>C:\Program Files\dotnet\shared\Microsoft.NETCore.App\2.0.5\System.Resources.ResourceManager.dll</ModulePath>
      <ModuleTime>2017-12-20T09:43:16Z</ModuleTime>
      <ModuleName>System.Resources.ResourceManager</ModuleName>
      <Files />
      <Classes />
    </Module>
    <Module skippedDueTo="Filter" hash="F0-22-19-B7-F6-63-1E-8A-97-BC-E3-A8-0E-86-F3-9E-06-44-E8-01">
      <ModulePath>C:\Program Files\dotnet\shared\Microsoft.NETCore.App\2.0.5\System.IO.FileSystem.Primitives.dll</ModulePath>
      <ModuleTime>2017-12-20T09:43:14Z</ModuleTime>
      <ModuleName>System.IO.FileSystem.Primitives</ModuleName>
      <Files />
      <Classes />
    </Module>
    <Module skippedDueTo="Filter" hash="62-96-BF-2C-F9-33-5D-7F-8C-13-D2-55-CA-DA-99-3C-FF-CE-25-63">
      <ModulePath>C:\Program Files\dotnet\shared\Microsoft.NETCore.App\2.0.5\System.IO.FileSystem.dll</ModulePath>
      <ModuleTime>2017-12-20T09:43:14Z</ModuleTime>
      <ModuleName>System.IO.FileSystem</ModuleName>
      <Files />
      <Classes />
    </Module>
    <Module skippedDueTo="Filter" hash="3A-5B-10-CD-6F-9C-A6-09-E7-EB-30-7C-FA-E0-3E-E6-D8-AE-D2-AE">
      <ModulePath>C:\Program Files\dotnet\shared\Microsoft.NETCore.App\2.0.5\System.Xml.ReaderWriter.dll</ModulePath>
      <ModuleTime>2017-12-20T09:43:18Z</ModuleTime>
      <ModuleName>System.Xml.ReaderWriter</ModuleName>
      <Files />
      <Classes />
    </Module>
    <Module skippedDueTo="Filter" hash="15-84-CE-11-DD-24-30-6C-BA-9A-E0-EA-17-33-E2-DC-4B-77-8C-A6">
      <ModulePath>C:\Program Files\dotnet\shared\Microsoft.NETCore.App\2.0.5\System.Private.Xml.dll</ModulePath>
      <ModuleTime>2017-12-20T09:43:16Z</ModuleTime>
      <ModuleName>System.Private.Xml</ModuleName>
      <Files />
      <Classes />
    </Module>
    <Module skippedDueTo="Filter" hash="22-6E-C3-74-59-2E-13-0F-D5-6F-32-F0-10-99-11-3D-F5-79-B5-06">
      <ModulePath>C:\Program Files\dotnet\sdk\2.1.4\Microsoft.TestPlatform.PlatformAbstractions.dll</ModulePath>
      <ModuleTime>2017-12-20T17:00:52Z</ModuleTime>
      <ModuleName>Microsoft.TestPlatform.PlatformAbstractions</ModuleName>
      <Files />
      <Classes />
    </Module>
    <Module skippedDueTo="Filter" hash="8E-F1-C5-CB-FA-53-02-66-36-2E-9B-66-DF-41-38-01-35-FD-71-2D">
      <ModulePath>C:\Program Files\dotnet\shared\Microsoft.NETCore.App\2.0.5\System.Xml.XmlDocument.dll</ModulePath>
      <ModuleTime>2017-12-20T09:43:18Z</ModuleTime>
      <ModuleName>System.Xml.XmlDocument</ModuleName>
      <Files />
      <Classes />
    </Module>
    <Module skippedDueTo="Filter" hash="F3-53-8B-EF-85-D4-AA-4C-7F-9F-AF-7D-77-01-CB-5B-7F-71-C2-73">
      <ModulePath>C:\Program Files\dotnet\sdk\2.1.4\System.Xml.XPath.XmlDocument.dll</ModulePath>
      <ModuleTime>2017-12-20T17:00:20Z</ModuleTime>
      <ModuleName>System.Xml.XPath.XmlDocument</ModuleName>
      <Files />
      <Classes />
    </Module>
    <Module skippedDueTo="Filter" hash="E9-D4-0A-EF-10-D1-8C-55-86-C7-1F-97-D4-1B-71-77-11-90-3A-A5">
      <ModulePath>C:\Program Files\dotnet\shared\Microsoft.NETCore.App\2.0.5\System.Xml.XPath.dll</ModulePath>
      <ModuleTime>2017-12-20T09:43:18Z</ModuleTime>
      <ModuleName>System.Xml.XPath</ModuleName>
      <Files />
      <Classes />
    </Module>
    <Module skippedDueTo="Filter" hash="75-9A-4B-0E-70-41-61-A5-09-22-3C-B3-9F-CA-40-23-77-BC-15-3F">
      <ModulePath>C:\Program Files\dotnet\sdk\2.1.4\Microsoft.TestPlatform.Utilities.dll</ModulePath>
      <ModuleTime>2017-12-20T17:00:52Z</ModuleTime>
      <ModuleName>Microsoft.TestPlatform.Utilities</ModuleName>
      <Files />
      <Classes />
    </Module>
    <Module skippedDueTo="Filter" hash="EB-D5-85-1D-63-0E-26-A0-A2-87-8B-C7-75-30-5F-1B-02-57-65-64">
      <ModulePath>C:\Program Files\dotnet\shared\Microsoft.NETCore.App\2.0.5\System.Runtime.InteropServices.RuntimeInformation.dll</ModulePath>
      <ModuleTime>2017-12-20T09:43:16Z</ModuleTime>
      <ModuleName>System.Runtime.InteropServices.RuntimeInformation</ModuleName>
      <Files />
      <Classes />
    </Module>
    <Module skippedDueTo="Filter" hash="63-9F-D2-08-25-C0-01-C1-35-4A-0E-AC-D8-A9-2B-84-82-52-B0-5C">
      <ModulePath>C:\Program Files\dotnet\shared\Microsoft.NETCore.App\2.0.5\System.Private.Uri.dll</ModulePath>
      <ModuleTime>2017-12-20T09:43:16Z</ModuleTime>
      <ModuleName>System.Private.Uri</ModuleName>
      <Files />
      <Classes />
    </Module>
    <Module skippedDueTo="Filter" hash="27-FF-EA-22-FA-1B-89-4C-8C-CB-93-D8-4D-E5-1F-34-F6-8A-6B-CE">
      <ModulePath>C:\Program Files\dotnet\shared\Microsoft.NETCore.App\2.0.5\System.Globalization.dll</ModulePath>
      <ModuleTime>2017-12-20T09:43:14Z</ModuleTime>
      <ModuleName>System.Globalization</ModuleName>
      <Files />
      <Classes />
    </Module>
    <Module skippedDueTo="Filter" hash="97-40-56-27-AF-A6-21-E7-6D-03-81-75-9F-9E-17-23-DC-84-7E-D1">
      <ModulePath>C:\Program Files\dotnet\shared\Microsoft.NETCore.App\2.0.5\System.Diagnostics.TraceSource.dll</ModulePath>
      <ModuleTime>2017-12-20T09:43:14Z</ModuleTime>
      <ModuleName>System.Diagnostics.TraceSource</ModuleName>
      <Files />
      <Classes />
    </Module>
    <Module skippedDueTo="Filter" hash="31-3F-28-D7-F6-F8-07-E2-5B-6C-5B-9A-4D-62-A4-8E-04-C7-6A-70">
      <ModulePath>C:\Program Files\dotnet\shared\Microsoft.NETCore.App\2.0.5\System.Collections.NonGeneric.dll</ModulePath>
      <ModuleTime>2017-12-20T09:43:14Z</ModuleTime>
      <ModuleName>System.Collections.NonGeneric</ModuleName>
      <Files />
      <Classes />
    </Module>
    <Module skippedDueTo="Filter" hash="D8-85-CB-CE-59-11-CE-38-35-C4-C6-22-97-27-77-9C-1F-B1-A1-30">
      <ModulePath>C:\Program Files\dotnet\sdk\2.1.4\Microsoft.TestPlatform.CrossPlatEngine.dll</ModulePath>
      <ModuleTime>2017-12-20T17:00:52Z</ModuleTime>
      <ModuleName>Microsoft.TestPlatform.CrossPlatEngine</ModuleName>
      <Files />
      <Classes />
    </Module>
    <Module skippedDueTo="Filter" hash="57-51-2E-09-50-36-05-C8-F5-3A-5E-09-66-60-1C-C9-B9-9B-16-04">
      <ModulePath>C:\Program Files\dotnet\shared\Microsoft.NETCore.App\2.0.5\System.Reflection.dll</ModulePath>
      <ModuleTime>2017-12-20T09:43:16Z</ModuleTime>
      <ModuleName>System.Reflection</ModuleName>
      <Files />
      <Classes />
    </Module>
    <Module skippedDueTo="Filter" hash="8A-C1-C1-60-CF-62-87-A7-80-01-01-C3-2D-DD-BB-15-43-80-F8-80">
      <ModulePath>C:\Program Files\dotnet\shared\Microsoft.NETCore.App\2.0.5\System.Threading.Tasks.dll</ModulePath>
      <ModuleTime>2017-12-20T09:43:18Z</ModuleTime>
      <ModuleName>System.Threading.Tasks</ModuleName>
      <Files />
      <Classes />
    </Module>
    <Module skippedDueTo="Filter" hash="A1-B2-87-D4-78-17-12-F6-93-F9-84-93-4C-AF-7A-D7-B0-96-20-33">
      <ModulePath>C:\Program Files\dotnet\shared\Microsoft.NETCore.App\2.0.5\System.Runtime.Loader.dll</ModulePath>
      <ModuleTime>2017-12-20T09:43:16Z</ModuleTime>
      <ModuleName>System.Runtime.Loader</ModuleName>
      <Files />
      <Classes />
    </Module>
    <Module skippedDueTo="Filter" hash="CD-1B-CF-BA-58-2E-EC-99-5B-73-14-09-B5-A0-80-CA-A2-D4-BD-87">
      <ModulePath>C:\Program Files\dotnet\sdk\2.1.4\Extensions\Microsoft.TestPlatform.Extensions.BlameDataCollector.dll</ModulePath>
      <ModuleTime>2017-12-20T17:00:24Z</ModuleTime>
      <ModuleName>Microsoft.TestPlatform.Extensions.BlameDataCollector</ModuleName>
      <Files />
      <Classes />
    </Module>
    <Module skippedDueTo="Filter" hash="D9-7F-DA-4C-A6-F9-66-9D-7C-99-6A-18-05-86-52-E9-60-8D-0B-5D">
      <ModulePath>C:\Program Files\dotnet\shared\Microsoft.NETCore.App\2.0.5\System.Reflection.TypeExtensions.dll</ModulePath>
      <ModuleTime>2017-12-20T09:43:16Z</ModuleTime>
      <ModuleName>System.Reflection.TypeExtensions</ModuleName>
      <Files />
      <Classes />
    </Module>
    <Module skippedDueTo="Filter" hash="8B-01-41-C5-D5-B5-F1-B4-48-A7-6A-E5-9B-BC-0E-92-3C-47-84-C0">
      <ModulePath>C:\Program Files\dotnet\sdk\2.1.4\Extensions\Microsoft.TestPlatform.Extensions.EventLogCollector.dll</ModulePath>
      <ModuleTime>2017-12-20T17:00:24Z</ModuleTime>
      <ModuleName>Microsoft.TestPlatform.Extensions.EventLogCollector</ModuleName>
      <Files />
      <Classes />
    </Module>
    <Module skippedDueTo="Filter" hash="C2-A9-7A-69-1C-EA-3E-5E-D5-41-DB-E7-FE-7F-2B-81-D3-95-20-0D">
      <ModulePath>C:\Program Files\dotnet\shared\Microsoft.NETCore.App\2.0.5\mscorlib.dll</ModulePath>
      <ModuleTime>2017-12-20T09:43:14Z</ModuleTime>
      <ModuleName>mscorlib</ModuleName>
      <Files />
      <Classes />
    </Module>
    <Module skippedDueTo="Filter" hash="97-2E-7B-32-8C-A3-11-06-06-DB-37-CB-A7-6D-0E-30-BF-DB-E7-BC">
      <ModulePath>C:\Program Files\dotnet\shared\Microsoft.NETCore.App\2.0.5\System.Xml.dll</ModulePath>
      <ModuleTime>2017-12-20T09:43:18Z</ModuleTime>
      <ModuleName>System.Xml</ModuleName>
      <Files />
      <Classes />
    </Module>
    <Module skippedDueTo="Filter" hash="23-EE-17-74-76-34-DC-86-A2-EE-A8-2D-59-9E-22-61-1C-5E-B9-D7">
      <ModulePath>C:\Program Files\dotnet\sdk\2.1.4\Extensions\Microsoft.TestPlatform.TestHostRuntimeProvider.dll</ModulePath>
      <ModuleTime>2017-12-20T17:00:24Z</ModuleTime>
      <ModuleName>Microsoft.TestPlatform.TestHostRuntimeProvider</ModuleName>
      <Files />
      <Classes />
    </Module>
    <Module skippedDueTo="Filter" hash="63-FD-C6-E8-DB-A7-8A-8E-25-84-B8-B0-B6-62-FF-9D-E2-7E-B9-D0">
      <ModulePath>C:\Program Files\dotnet\shared\Microsoft.NETCore.App\2.0.5\System.Reflection.Extensions.dll</ModulePath>
      <ModuleTime>2017-12-20T09:43:16Z</ModuleTime>
      <ModuleName>System.Reflection.Extensions</ModuleName>
      <Files />
      <Classes />
    </Module>
    <Module skippedDueTo="Filter" hash="5E-91-FD-38-1F-3F-CB-EF-18-70-FA-29-EC-67-C8-32-70-69-E7-2D">
      <ModulePath>C:\Program Files\dotnet\sdk\2.1.4\Extensions\Microsoft.VisualStudio.TestPlatform.Extensions.Trx.TestLogger.dll</ModulePath>
      <ModuleTime>2017-12-20T17:00:24Z</ModuleTime>
      <ModuleName>Microsoft.VisualStudio.TestPlatform.Extensions.Trx.TestLogger</ModuleName>
      <Files />
      <Classes />
    </Module>
    <Module skippedDueTo="Filter" hash="58-71-85-F3-A2-AA-41-A3-EF-A4-E7-2B-B9-25-87-F7-0C-2F-07-04">
      <ModulePath>C:\Program Files\dotnet\shared\Microsoft.NETCore.App\2.0.5\System.Reflection.Metadata.dll</ModulePath>
      <ModuleTime>2017-12-20T09:43:16Z</ModuleTime>
      <ModuleName>System.Reflection.Metadata</ModuleName>
      <Files />
      <Classes />
    </Module>
    <Module skippedDueTo="Filter" hash="6A-66-01-46-FC-61-B5-39-4F-D6-F0-74-63-5B-B3-72-86-E5-DA-46">
      <ModulePath>C:\Program Files\dotnet\shared\Microsoft.NETCore.App\2.0.5\System.Collections.Immutable.dll</ModulePath>
      <ModuleTime>2017-12-20T09:43:14Z</ModuleTime>
      <ModuleName>System.Collections.Immutable</ModuleName>
      <Files />
      <Classes />
    </Module>
    <Module skippedDueTo="Filter" hash="B0-2D-50-81-B2-E4-8F-1F-DD-64-EA-16-5C-E2-85-D2-C6-9F-C1-DA">
      <ModulePath>C:\Program Files\dotnet\shared\Microsoft.NETCore.App\2.0.5\Microsoft.Win32.Primitives.dll</ModulePath>
      <ModuleTime>2017-12-20T09:43:14Z</ModuleTime>
      <ModuleName>Microsoft.Win32.Primitives</ModuleName>
      <Files />
      <Classes />
    </Module>
    <Module skippedDueTo="Filter" hash="84-7F-83-E9-88-FC-D9-23-4C-84-BA-05-D7-C9-D9-C1-CA-24-8A-99">
      <ModulePath>C:\Program Files\dotnet\sdk\2.1.4\Microsoft.TestPlatform.CommunicationUtilities.dll</ModulePath>
      <ModuleTime>2017-12-20T17:00:52Z</ModuleTime>
      <ModuleName>Microsoft.TestPlatform.CommunicationUtilities</ModuleName>
      <Files />
      <Classes />
    </Module>
    <Module skippedDueTo="Filter" hash="6B-3C-94-5D-46-C3-27-3E-4E-3D-DB-21-88-6F-9A-F0-5D-03-8A-6A">
      <ModulePath>C:\Program Files\dotnet\sdk\2.1.4\Newtonsoft.Json.dll</ModulePath>
      <ModuleTime>2017-12-20T17:00:26Z</ModuleTime>
      <ModuleName>Newtonsoft.Json</ModuleName>
      <Files />
      <Classes />
    </Module>
    <Module skippedDueTo="Filter" hash="00-CB-3E-8D-03-2D-1A-FE-B0-72-C0-DB-9D-9F-C7-93-82-90-CE-C3">
      <ModulePath>C:\Program Files\dotnet\shared\Microsoft.NETCore.App\2.0.5\System.Runtime.Serialization.Primitives.dll</ModulePath>
      <ModuleTime>2017-12-20T09:43:16Z</ModuleTime>
      <ModuleName>System.Runtime.Serialization.Primitives</ModuleName>
      <Files />
      <Classes />
    </Module>
    <Module skippedDueTo="Filter" hash="7D-C9-55-AC-33-4A-1C-B9-B0-60-A3-48-9A-5B-29-42-57-2B-A8-BD">
      <ModulePath>C:\Program Files\dotnet\shared\Microsoft.NETCore.App\2.0.5\System.Threading.Timer.dll</ModulePath>
      <ModuleTime>2017-12-20T09:43:18Z</ModuleTime>
      <ModuleName>System.Threading.Timer</ModuleName>
      <Files />
      <Classes />
    </Module>
    <Module skippedDueTo="Filter" hash="BC-C8-59-55-D4-A5-E8-D3-F8-01-77-2F-30-AC-25-F1-41-F7-A9-CB">
      <ModulePath>C:\Program Files\dotnet\shared\Microsoft.NETCore.App\2.0.5\System.Net.Primitives.dll</ModulePath>
      <ModuleTime>2017-12-20T09:43:16Z</ModuleTime>
      <ModuleName>System.Net.Primitives</ModuleName>
      <Files />
      <Classes />
    </Module>
    <Module skippedDueTo="Filter" hash="B5-18-FD-17-BD-52-C3-04-FD-94-93-52-60-E1-4D-F7-8E-36-C6-55">
      <ModulePath>C:\Program Files\dotnet\shared\Microsoft.NETCore.App\2.0.5\System.Net.Sockets.dll</ModulePath>
      <ModuleTime>2017-12-20T09:43:16Z</ModuleTime>
      <ModuleName>System.Net.Sockets</ModuleName>
      <Files />
      <Classes />
    </Module>
    <Module skippedDueTo="Filter" hash="90-67-16-95-C8-62-BF-10-B0-7C-A2-8A-0A-D9-EB-D2-81-C0-FD-B4">
      <ModulePath>C:\Program Files\dotnet\shared\Microsoft.NETCore.App\2.0.5\System.Threading.Overlapped.dll</ModulePath>
      <ModuleTime>2017-12-20T09:43:18Z</ModuleTime>
      <ModuleName>System.Threading.Overlapped</ModuleName>
      <Files />
      <Classes />
    </Module>
    <Module skippedDueTo="Filter" hash="B0-76-2E-0A-67-23-BB-2C-A4-E0-98-D9-2B-9B-EB-22-6C-55-AB-F7">
      <ModulePath>C:\Program Files\dotnet\shared\Microsoft.NETCore.App\2.0.5\System.Net.NameResolution.dll</ModulePath>
      <ModuleTime>2017-12-20T09:43:16Z</ModuleTime>
      <ModuleName>System.Net.NameResolution</ModuleName>
      <Files />
      <Classes />
    </Module>
    <Module skippedDueTo="Filter" hash="27-B6-83-A8-42-4B-7B-FF-FA-8A-62-BB-0C-AE-CB-A8-90-8A-5E-2E">
      <ModulePath>C:\Program Files\dotnet\shared\Microsoft.NETCore.App\2.0.5\System.Threading.ThreadPool.dll</ModulePath>
      <ModuleTime>2017-12-20T09:43:18Z</ModuleTime>
      <ModuleName>System.Threading.ThreadPool</ModuleName>
      <Files />
      <Classes />
    </Module>
    <Module skippedDueTo="Filter" hash="31-EE-36-50-10-5C-79-36-FD-D4-60-AE-37-54-84-07-84-85-A5-53">
      <ModulePath>C:\WINDOWS\Microsoft.Net\assembly\GAC_32\mscorlib\v4.0_4.0.0.0__b77a5c561934e089\mscorlib.dll</ModulePath>
      <ModuleTime>2018-02-02T03:35:52.2152457Z</ModuleTime>
      <ModuleName>mscorlib</ModuleName>
      <Files />
      <Classes />
    </Module>
    <Module skippedDueTo="Filter" hash="75-25-F7-76-D8-E7-46-55-5F-1C-6F-37-81-68-32-D6-4E-F1-88-0E">
      <ModulePath>C:\Program Files\dotnet\sdk\2.1.4\TestHost\testhost.x86.exe</ModulePath>
      <ModuleTime>2017-12-20T17:00:32Z</ModuleTime>
      <ModuleName>testhost.x86</ModuleName>
      <Files />
      <Classes />
    </Module>
    <Module skippedDueTo="Filter" hash="40-B0-51-59-E8-3E-6B-66-95-82-2B-D5-2C-2D-AB-91-65-ED-3C-B4">
      <ModulePath>C:\Program Files\dotnet\sdk\2.1.4\TestHost\Microsoft.TestPlatform.CoreUtilities.dll</ModulePath>
      <ModuleTime>2017-12-20T17:00:32Z</ModuleTime>
      <ModuleName>Microsoft.TestPlatform.CoreUtilities</ModuleName>
      <Files />
      <Classes />
    </Module>
    <Module skippedDueTo="Filter" hash="D7-A6-EA-00-A4-04-EC-C7-D2-41-A9-6A-1C-6C-0B-10-0A-31-6D-72">
      <ModulePath>C:\Program Files\dotnet\sdk\2.1.4\TestHost\Microsoft.TestPlatform.PlatformAbstractions.dll</ModulePath>
      <ModuleTime>2017-12-20T17:00:32Z</ModuleTime>
      <ModuleName>Microsoft.TestPlatform.PlatformAbstractions</ModuleName>
      <Files />
      <Classes />
    </Module>
    <Module skippedDueTo="Filter" hash="D8-95-73-0E-74-B7-8E-F5-D5-FF-1D-FE-26-AF-0F-DA-09-7B-11-03">
      <ModulePath>C:\Program Files\dotnet\sdk\2.1.4\TestHost\Microsoft.VisualStudio.TestPlatform.ObjectModel.dll</ModulePath>
      <ModuleTime>2017-12-20T17:00:32Z</ModuleTime>
      <ModuleName>Microsoft.VisualStudio.TestPlatform.ObjectModel</ModuleName>
      <Files />
      <Classes />
    </Module>
    <Module skippedDueTo="Filter" hash="0C-76-AD-83-EC-43-A2-9C-27-3B-99-83-81-A4-D3-39-31-AC-BF-B6">
      <ModulePath>C:\Program Files\dotnet\sdk\2.1.4\TestHost\Microsoft.TestPlatform.CrossPlatEngine.dll</ModulePath>
      <ModuleTime>2017-12-20T17:00:32Z</ModuleTime>
      <ModuleName>Microsoft.TestPlatform.CrossPlatEngine</ModuleName>
      <Files />
      <Classes />
    </Module>
    <Module skippedDueTo="Filter" hash="84-B8-4D-42-2D-39-2A-27-25-FB-76-6E-3E-2A-EC-68-CE-DF-9B-B0">
      <ModulePath>C:\Program Files\dotnet\sdk\2.1.4\TestHost\Microsoft.TestPlatform.CommunicationUtilities.dll</ModulePath>
      <ModuleTime>2017-12-20T17:00:32Z</ModuleTime>
      <ModuleName>Microsoft.TestPlatform.CommunicationUtilities</ModuleName>
      <Files />
      <Classes />
    </Module>
    <Module skippedDueTo="Filter" hash="20-87-6B-6A-A1-99-79-A5-75-25-8D-57-C8-DE-80-2F-9B-96-07-93">
      <ModulePath>C:\Program Files\dotnet\sdk\2.1.4\TestHost\Microsoft.VisualStudio.TestPlatform.Common.dll</ModulePath>
      <ModuleTime>2017-12-20T17:00:32Z</ModuleTime>
      <ModuleName>Microsoft.VisualStudio.TestPlatform.Common</ModuleName>
      <Files />
      <Classes />
    </Module>
    <Module skippedDueTo="Filter" hash="CB-7B-C7-A0-09-0F-BA-F4-8A-02-A9-E9-2A-7B-43-34-93-46-0F-58">
      <ModulePath>C:\WINDOWS\Microsoft.Net\assembly\GAC_MSIL\System\v4.0_4.0.0.0__b77a5c561934e089\System.dll</ModulePath>
      <ModuleTime>2017-09-29T13:43:06.7717063Z</ModuleTime>
      <ModuleName>System</ModuleName>
      <Files />
      <Classes />
    </Module>
    <Module skippedDueTo="Filter" hash="62-13-DF-BA-4D-76-38-3A-FE-E9-5E-D8-6C-07-CC-1D-A2-DE-73-52">
      <ModulePath>C:\WINDOWS\Microsoft.Net\assembly\GAC_MSIL\System.Configuration\v4.0_4.0.0.0__b03f5f7f11d50a3a\System.Configuration.dll</ModulePath>
      <ModuleTime>2017-09-29T13:43:06.6154445Z</ModuleTime>
      <ModuleName>System.Configuration</ModuleName>
      <Files />
      <Classes />
    </Module>
    <Module skippedDueTo="Filter" hash="58-2A-4C-0C-25-69-3C-E5-E8-8F-0E-35-DB-19-D0-78-0E-D1-10-FA">
      <ModulePath>C:\WINDOWS\Microsoft.Net\assembly\GAC_MSIL\System.Xml\v4.0_4.0.0.0__b77a5c561934e089\System.Xml.dll</ModulePath>
      <ModuleTime>2017-12-22T03:10:39.7166266Z</ModuleTime>
      <ModuleName>System.Xml</ModuleName>
      <Files />
      <Classes />
    </Module>
    <Module skippedDueTo="Filter" hash="E6-06-2F-31-47-31-1A-0E-AE-ED-4D-6E-61-16-AE-3E-85-75-F7-B9">
      <ModulePath>C:\Program Files\dotnet\sdk\2.1.4\TestHost\Newtonsoft.Json.dll</ModulePath>
      <ModuleTime>2017-12-20T17:00:26Z</ModuleTime>
      <ModuleName>Newtonsoft.Json</ModuleName>
      <Files />
      <Classes />
    </Module>
    <Module skippedDueTo="Filter" hash="3B-61-1C-E1-CD-DB-E7-87-5F-7E-9A-2C-55-8F-89-B5-5D-6B-96-E6">
      <ModulePath>C:\Program Files\dotnet\shared\Microsoft.NETCore.App\2.0.5\System.Security.Principal.Windows.dll</ModulePath>
      <ModuleTime>2017-12-20T09:43:18Z</ModuleTime>
      <ModuleName>System.Security.Principal.Windows</ModuleName>
      <Files />
      <Classes />
    </Module>
    <Module skippedDueTo="Filter" hash="35-DC-CC-E9-57-61-AC-85-41-59-25-B2-9E-14-47-71-C9-E4-FC-85">
      <ModulePath>C:\Program Files\dotnet\shared\Microsoft.NETCore.App\2.0.5\System.Dynamic.Runtime.dll</ModulePath>
      <ModuleTime>2017-12-20T09:43:14Z</ModuleTime>
      <ModuleName>System.Dynamic.Runtime</ModuleName>
      <Files />
      <Classes />
    </Module>
    <Module skippedDueTo="Filter" hash="B7-75-F0-41-F3-31-74-10-C9-6D-DE-13-80-9F-BB-2A-29-CE-01-D9">
      <ModulePath>C:\Program Files\dotnet\shared\Microsoft.NETCore.App\2.0.5\System.Security.Claims.dll</ModulePath>
      <ModuleTime>2017-12-20T09:43:16Z</ModuleTime>
      <ModuleName>System.Security.Claims</ModuleName>
      <Files />
      <Classes />
    </Module>
    <Module skippedDueTo="Filter" hash="20-5D-75-24-58-40-A3-36-3B-61-DE-D0-E9-9E-5B-96-7F-AE-89-AE">
      <ModulePath>C:\Program Files\dotnet\shared\Microsoft.NETCore.App\2.0.5\System.Linq.Expressions.dll</ModulePath>
      <ModuleTime>2017-12-20T09:43:14Z</ModuleTime>
      <ModuleName>System.Linq.Expressions</ModuleName>
      <Files />
      <Classes />
    </Module>
    <Module skippedDueTo="Filter" hash="4F-8E-E9-2F-41-56-B4-6B-74-C8-D1-BE-40-0E-62-A6-A7-9F-E1-52">
      <ModulePath>C:\Program Files\dotnet\shared\Microsoft.NETCore.App\2.0.5\System.Security.Principal.dll</ModulePath>
      <ModuleTime>2017-12-20T09:43:18Z</ModuleTime>
      <ModuleName>System.Security.Principal</ModuleName>
      <Files />
      <Classes />
    </Module>
    <Module skippedDueTo="Filter" hash="56-11-B7-4C-4D-A0-46-2B-4B-36-79-ED-1F-A0-C9-09-52-16-63-47">
      <ModulePath>C:\Program Files\dotnet\shared\Microsoft.NETCore.App\2.0.5\System.ObjectModel.dll</ModulePath>
      <ModuleTime>2017-12-20T09:43:16Z</ModuleTime>
[...]
                <SequencePoint vc="0" uspid="359" ordinal="140" offset="2220" sl="228" sc="13" el="228" ec="40" bec="0" bev="0" fileid="7" />
                <SequencePoint vc="0" uspid="360" ordinal="141" offset="2236" sl="229" sc="13" el="229" ec="60" bec="0" bev="0" fileid="7" />
                <SequencePoint vc="0" uspid="361" ordinal="142" offset="2248" sl="230" sc="13" el="230" ec="85" bec="0" bev="0" fileid="7" />
                <SequencePoint vc="0" uspid="362" ordinal="143" offset="2271" sl="234" sc="13" el="234" ec="72" bec="0" bev="0" fileid="7" />
                <SequencePoint vc="0" uspid="363" ordinal="144" offset="2294" sl="235" sc="13" el="235" ec="45" bec="0" bev="0" fileid="7" />
                <SequencePoint vc="0" uspid="364" ordinal="145" offset="2310" sl="236" sc="13" el="236" ec="66" bec="0" bev="0" fileid="7" />
                <SequencePoint vc="0" uspid="365" ordinal="146" offset="2330" sl="237" sc="13" el="237" ec="41" bec="0" bev="0" fileid="7" />
                <SequencePoint vc="0" uspid="366" ordinal="147" offset="2343" sl="238" sc="13" el="238" ec="38" bec="0" bev="0" fileid="7" />
                <SequencePoint vc="0" uspid="367" ordinal="148" offset="2359" sl="239" sc="13" el="239" ec="58" bec="0" bev="0" fileid="7" />
                <SequencePoint vc="0" uspid="368" ordinal="149" offset="2371" sl="240" sc="13" el="240" ec="81" bec="0" bev="0" fileid="7" />
                <SequencePoint vc="0" uspid="369" ordinal="150" offset="2394" sl="244" sc="13" el="244" ec="74" bec="0" bev="0" fileid="7" />
                <SequencePoint vc="0" uspid="370" ordinal="151" offset="2417" sl="245" sc="13" el="245" ec="47" bec="0" bev="0" fileid="7" />
                <SequencePoint vc="0" uspid="371" ordinal="152" offset="2433" sl="246" sc="13" el="246" ec="67" bec="0" bev="0" fileid="7" />
                <SequencePoint vc="0" uspid="372" ordinal="153" offset="2453" sl="247" sc="13" el="247" ec="42" bec="0" bev="0" fileid="7" />
                <SequencePoint vc="0" uspid="373" ordinal="154" offset="2466" sl="248" sc="13" el="248" ec="39" bec="0" bev="0" fileid="7" />
                <SequencePoint vc="0" uspid="374" ordinal="155" offset="2482" sl="249" sc="13" el="249" ec="59" bec="0" bev="0" fileid="7" />
                <SequencePoint vc="0" uspid="375" ordinal="156" offset="2494" sl="250" sc="13" el="250" ec="83" bec="0" bev="0" fileid="7" />
                <SequencePoint vc="0" uspid="376" ordinal="157" offset="2517" sl="254" sc="13" el="254" ec="74" bec="0" bev="0" fileid="7" />
                <SequencePoint vc="0" uspid="377" ordinal="158" offset="2538" sl="255" sc="13" el="255" ec="74" bec="0" bev="0" fileid="7" />
                <SequencePoint vc="0" uspid="378" ordinal="159" offset="2545" sl="256" sc="13" el="256" ec="65" bec="0" bev="0" fileid="7" />
                <SequencePoint vc="0" uspid="379" ordinal="160" offset="2566" sl="257" sc="13" el="257" ec="47" bec="0" bev="0" fileid="7" />
                <SequencePoint vc="0" uspid="380" ordinal="161" offset="2583" sl="258" sc="13" el="258" ec="46" bec="0" bev="0" fileid="7" />
                <SequencePoint vc="0" uspid="381" ordinal="162" offset="2600" sl="259" sc="13" el="259" ec="48" bec="0" bev="0" fileid="7" />
                <SequencePoint vc="0" uspid="382" ordinal="163" offset="2617" sl="260" sc="13" el="260" ec="46" bec="0" bev="0" fileid="7" />
                <SequencePoint vc="0" uspid="383" ordinal="164" offset="2634" sl="261" sc="13" el="261" ec="47" bec="0" bev="0" fileid="7" />
                <SequencePoint vc="0" uspid="384" ordinal="165" offset="2651" sl="262" sc="13" el="262" ec="49" bec="0" bev="0" fileid="7" />
                <SequencePoint vc="0" uspid="385" ordinal="166" offset="2668" sl="263" sc="13" el="263" ec="46" bec="0" bev="0" fileid="7" />
                <SequencePoint vc="0" uspid="386" ordinal="167" offset="2685" sl="264" sc="13" el="264" ec="45" bec="0" bev="0" fileid="7" />
                <SequencePoint vc="0" uspid="387" ordinal="168" offset="2702" sl="265" sc="13" el="265" ec="46" bec="0" bev="0" fileid="7" />
                <SequencePoint vc="0" uspid="388" ordinal="169" offset="2719" sl="266" sc="13" el="266" ec="44" bec="0" bev="0" fileid="7" />
                <SequencePoint vc="0" uspid="389" ordinal="170" offset="2736" sl="267" sc="13" el="267" ec="45" bec="0" bev="0" fileid="7" />
                <SequencePoint vc="0" uspid="390" ordinal="171" offset="2753" sl="268" sc="13" el="268" ec="45" bec="0" bev="0" fileid="7" />
                <SequencePoint vc="0" uspid="391" ordinal="172" offset="2770" sl="269" sc="13" el="269" ec="46" bec="0" bev="0" fileid="7" />
                <SequencePoint vc="0" uspid="392" ordinal="173" offset="2787" sl="270" sc="13" el="270" ec="46" bec="0" bev="0" fileid="7" />
                <SequencePoint vc="0" uspid="393" ordinal="174" offset="2804" sl="271" sc="13" el="271" ec="44" bec="0" bev="0" fileid="7" />
                <SequencePoint vc="0" uspid="394" ordinal="175" offset="2821" sl="272" sc="13" el="272" ec="45" bec="0" bev="0" fileid="7" />
                <SequencePoint vc="0" uspid="395" ordinal="176" offset="2838" sl="273" sc="13" el="273" ec="45" bec="0" bev="0" fileid="7" />
                <SequencePoint vc="0" uspid="396" ordinal="177" offset="2855" sl="274" sc="13" el="274" ec="46" bec="0" bev="0" fileid="7" />
                <SequencePoint vc="0" uspid="397" ordinal="178" offset="2872" sl="275" sc="13" el="275" ec="44" bec="0" bev="0" fileid="7" />
                <SequencePoint vc="0" uspid="398" ordinal="179" offset="2889" sl="276" sc="13" el="276" ec="44" bec="0" bev="0" fileid="7" />
                <SequencePoint vc="0" uspid="399" ordinal="180" offset="2906" sl="277" sc="13" el="277" ec="46" bec="0" bev="0" fileid="7" />
                <SequencePoint vc="0" uspid="400" ordinal="181" offset="2923" sl="278" sc="13" el="278" ec="81" bec="0" bev="0" fileid="7" />
                <SequencePoint vc="0" uspid="401" ordinal="182" offset="2930" sl="279" sc="13" el="279" ec="38" bec="0" bev="0" fileid="7" />
                <SequencePoint vc="0" uspid="402" ordinal="183" offset="2937" sl="280" sc="13" el="280" ec="38" bec="0" bev="0" fileid="7" />
                <SequencePoint vc="0" uspid="403" ordinal="184" offset="2944" sl="281" sc="13" el="281" ec="41" bec="0" bev="0" fileid="7" />
                <SequencePoint vc="0" uspid="404" ordinal="185" offset="2955" sl="282" sc="13" el="282" ec="41" bec="0" bev="0" fileid="7" />
                <SequencePoint vc="0" uspid="405" ordinal="186" offset="2966" sl="283" sc="13" el="283" ec="75" bec="0" bev="0" fileid="7" />
                <SequencePoint vc="0" uspid="406" ordinal="187" offset="2984" sl="284" sc="13" el="284" ec="38" bec="0" bev="0" fileid="7" />
                <SequencePoint vc="0" uspid="407" ordinal="188" offset="2991" sl="285" sc="13" el="285" ec="34" bec="0" bev="0" fileid="7" />
                <SequencePoint vc="0" uspid="408" ordinal="189" offset="2997" sl="287" sc="9" el="287" ec="10" bec="0" bev="0" fileid="7" />
              </SequencePoints>
              <BranchPoints />
              <MethodPoint xsi:type="SequencePoint" vc="0" uspid="219" ordinal="0" offset="0" sl="31" sc="13" el="31" ec="64" bec="0" bev="0" fileid="7" />
            </Method>
          </Methods>
        </Class>
        <Class>
          <Summary numSequencePoints="4" visitedSequencePoints="0" numBranchPoints="1" visitedBranchPoints="0" sequenceCoverage="0" branchCoverage="0" maxCyclomaticComplexity="1" minCyclomaticComplexity="1" visitedClasses="0" numClasses="1" visitedMethods="0" numMethods="1" />
          <FullName>MyCalculator.Program</FullName>
          <Methods>
            <Method visited="false" cyclomaticComplexity="1" nPathComplexity="0" sequenceCoverage="0" branchCoverage="0" isConstructor="false" isStatic="true" isGetter="false" isSetter="false">
              <Summary numSequencePoints="4" visitedSequencePoints="0" numBranchPoints="1" visitedBranchPoints="0" sequenceCoverage="0" branchCoverage="0" maxCyclomaticComplexity="1" minCyclomaticComplexity="1" visitedClasses="0" numClasses="0" visitedMethods="0" numMethods="1" />
              <MetadataToken>100663323</MetadataToken>
              <Name>System.Void MyCalculator.Program::Main()</Name>
              <FileRef uid="8" />
              <SequencePoints>
                <SequencePoint vc="0" uspid="409" ordinal="0" offset="0" sl="16" sc="13" el="16" ec="46" bec="0" bev="0" fileid="8" />
                <SequencePoint vc="0" uspid="410" ordinal="1" offset="5" sl="17" sc="13" el="17" ec="66" bec="0" bev="0" fileid="8" />
                <SequencePoint vc="0" uspid="411" ordinal="2" offset="11" sl="18" sc="13" el="18" ec="50" bec="0" bev="0" fileid="8" />
                <SequencePoint vc="0" uspid="412" ordinal="3" offset="21" sl="19" sc="9" el="19" ec="10" bec="0" bev="0" fileid="8" />
              </SequencePoints>
              <BranchPoints />
              <MethodPoint xsi:type="SequencePoint" vc="0" uspid="409" ordinal="0" offset="0" sl="16" sc="13" el="16" ec="46" bec="0" bev="0" fileid="8" />
            </Method>
          </Methods>
        </Class>
        <Class>
          <Summary numSequencePoints="9" visitedSequencePoints="0" numBranchPoints="6" visitedBranchPoints="0" sequenceCoverage="0" branchCoverage="0" maxCyclomaticComplexity="2" minCyclomaticComplexity="1" visitedClasses="0" numClasses="1" visitedMethods="0" numMethods="4" />
          <FullName>MyCalculator.Properties.Resources</FullName>
          <Methods>
            <Method visited="false" cyclomaticComplexity="2" nPathComplexity="2" sequenceCoverage="0" branchCoverage="0" isConstructor="false" isStatic="true" isGetter="true" isSetter="false">
              <Summary numSequencePoints="4" visitedSequencePoints="0" numBranchPoints="3" visitedBranchPoints="0" sequenceCoverage="0" branchCoverage="0" maxCyclomaticComplexity="2" minCyclomaticComplexity="2" visitedClasses="0" numClasses="0" visitedMethods="0" numMethods="1" />
              <MetadataToken>100663325</MetadataToken>
              <Name>System.Resources.ResourceManager MyCalculator.Properties.Resources::get_ResourceManager()</Name>
              <FileRef uid="9" />
              <SequencePoints>
                <SequencePoint vc="0" uspid="413" ordinal="0" offset="0" sl="41" sc="17" el="41" ec="63" bec="2" bev="0" fileid="9" />
                <SequencePoint vc="0" uspid="414" ordinal="1" offset="7" sl="42" sc="21" el="42" ec="179" bec="0" bev="0" fileid="9" />
                <SequencePoint vc="0" uspid="415" ordinal="2" offset="32" sl="43" sc="21" el="43" ec="40" bec="0" bev="0" fileid="9" />
                <SequencePoint vc="0" uspid="416" ordinal="3" offset="37" sl="45" sc="17" el="45" ec="36" bec="0" bev="0" fileid="9" />
              </SequencePoints>
              <BranchPoints>
                <BranchPoint vc="0" uspid="417" ordinal="0" offset="5" sl="41" path="0" offsetend="7" fileid="9" />
                <BranchPoint vc="0" uspid="418" ordinal="1" offset="5" sl="41" path="1" offsetend="37" fileid="9" />
              </BranchPoints>
              <MethodPoint xsi:type="SequencePoint" vc="0" uspid="413" ordinal="0" offset="0" sl="41" sc="17" el="41" ec="63" bec="2" bev="0" fileid="9" />
            </Method>
            <Method visited="false" cyclomaticComplexity="1" nPathComplexity="0" sequenceCoverage="0" branchCoverage="0" isConstructor="false" isStatic="true" isGetter="true" isSetter="false">
              <Summary numSequencePoints="1" visitedSequencePoints="0" numBranchPoints="1" visitedBranchPoints="0" sequenceCoverage="0" branchCoverage="0" maxCyclomaticComplexity="1" minCyclomaticComplexity="1" visitedClasses="0" numClasses="0" visitedMethods="0" numMethods="1" />
              <MetadataToken>100663326</MetadataToken>
              <Name>System.Globalization.CultureInfo MyCalculator.Properties.Resources::get_Culture()</Name>
              <FileRef uid="9" />
              <SequencePoints>
                <SequencePoint vc="0" uspid="419" ordinal="0" offset="0" sl="56" sc="17" el="56" ec="40" bec="0" bev="0" fileid="9" />
              </SequencePoints>
              <BranchPoints />
              <MethodPoint xsi:type="SequencePoint" vc="0" uspid="419" ordinal="0" offset="0" sl="56" sc="17" el="56" ec="40" bec="0" bev="0" fileid="9" />
            </Method>
            <Method visited="false" cyclomaticComplexity="1" nPathComplexity="0" sequenceCoverage="0" branchCoverage="0" isConstructor="false" isStatic="true" isGetter="false" isSetter="true">
              <Summary numSequencePoints="2" visitedSequencePoints="0" numBranchPoints="1" visitedBranchPoints="0" sequenceCoverage="0" branchCoverage="0" maxCyclomaticComplexity="1" minCyclomaticComplexity="1" visitedClasses="0" numClasses="0" visitedMethods="0" numMethods="1" />
              <MetadataToken>100663327</MetadataToken>
              <Name>System.Void MyCalculator.Properties.Resources::set_Culture(System.Globalization.CultureInfo)</Name>
              <FileRef uid="9" />
              <SequencePoints>
                <SequencePoint vc="0" uspid="420" ordinal="0" offset="0" sl="59" sc="17" el="59" ec="41" bec="0" bev="0" fileid="9" />
                <SequencePoint vc="0" uspid="421" ordinal="1" offset="6" sl="60" sc="13" el="60" ec="14" bec="0" bev="0" fileid="9" />
              </SequencePoints>
              <BranchPoints />
              <MethodPoint xsi:type="SequencePoint" vc="0" uspid="420" ordinal="0" offset="0" sl="59" sc="17" el="59" ec="41" bec="0" bev="0" fileid="9" />
            </Method>
            <Method visited="false" cyclomaticComplexity="1" nPathComplexity="0" sequenceCoverage="0" branchCoverage="0" isConstructor="true" isStatic="false" isGetter="false" isSetter="false">
              <Summary numSequencePoints="2" visitedSequencePoints="0" numBranchPoints="1" visitedBranchPoints="0" sequenceCoverage="0" branchCoverage="0" maxCyclomaticComplexity="1" minCyclomaticComplexity="1" visitedClasses="0" numClasses="0" visitedMethods="0" numMethods="1" />
              <MetadataToken>100663324</MetadataToken>
              <Name>System.Void MyCalculator.Properties.Resources::.ctor()</Name>
              <FileRef uid="9" />
              <SequencePoints>
                <SequencePoint vc="0" uspid="422" ordinal="0" offset="0" sl="32" sc="9" el="32" ec="29" bec="0" bev="0" fileid="9" />
                <SequencePoint vc="0" uspid="423" ordinal="1" offset="6" sl="33" sc="9" el="33" ec="10" bec="0" bev="0" fileid="9" />
              </SequencePoints>
              <BranchPoints />
              <MethodPoint xsi:type="SequencePoint" vc="0" uspid="422" ordinal="0" offset="0" sl="32" sc="9" el="32" ec="29" bec="0" bev="0" fileid="9" />
            </Method>
          </Methods>
        </Class>
        <Class>
          <Summary numSequencePoints="2" visitedSequencePoints="0" numBranchPoints="2" visitedBranchPoints="0" sequenceCoverage="0" branchCoverage="0" maxCyclomaticComplexity="1" minCyclomaticComplexity="1" visitedClasses="0" numClasses="1" visitedMethods="0" numMethods="2" />
          <FullName>MyCalculator.Properties.Settings</FullName>
          <Methods>
            <Method visited="false" cyclomaticComplexity="1" nPathComplexity="0" sequenceCoverage="0" branchCoverage="0" isConstructor="false" isStatic="true" isGetter="true" isSetter="false">
              <Summary numSequencePoints="1" visitedSequencePoints="0" numBranchPoints="1" visitedBranchPoints="0" sequenceCoverage="0" branchCoverage="0" maxCyclomaticComplexity="1" minCyclomaticComplexity="1" visitedClasses="0" numClasses="0" visitedMethods="0" numMethods="1" />
              <MetadataToken>100663328</MetadataToken>
              <Name>MyCalculator.Properties.Settings MyCalculator.Properties.Settings::get_Default()</Name>
              <FileRef uid="10" />
              <SequencePoints>
                <SequencePoint vc="0" uspid="424" ordinal="0" offset="0" sl="22" sc="17" el="22" ec="40" bec="0" bev="0" fileid="10" />
              </SequencePoints>
              <BranchPoints />
              <MethodPoint xsi:type="SequencePoint" vc="0" uspid="424" ordinal="0" offset="0" sl="22" sc="17" el="22" ec="40" bec="0" bev="0" fileid="10" />
            </Method>
            <Method visited="false" cyclomaticComplexity="1" nPathComplexity="0" sequenceCoverage="0" branchCoverage="0" isConstructor="true" isStatic="false" isGetter="false" isSetter="false">
              <Summary numSequencePoints="0" visitedSequencePoints="0" numBranchPoints="0" visitedBranchPoints="0" sequenceCoverage="0" branchCoverage="0" maxCyclomaticComplexity="1" minCyclomaticComplexity="1" visitedClasses="0" numClasses="0" visitedMethods="0" numMethods="0" />
              <MetadataToken>100663329</MetadataToken>
              <Name>System.Void MyCalculator.Properties.Settings::.ctor()</Name>
              <SequencePoints />
              <BranchPoints />
              <MethodPoint vc="0" uspid="425" ordinal="0" offset="0" />
            </Method>
            <Method visited="false" cyclomaticComplexity="1" nPathComplexity="0" sequenceCoverage="0" branchCoverage="0" isConstructor="true" isStatic="true" isGetter="false" isSetter="false">
              <Summary numSequencePoints="1" visitedSequencePoints="0" numBranchPoints="1" visitedBranchPoints="0" sequenceCoverage="0" branchCoverage="0" maxCyclomaticComplexity="1" minCyclomaticComplexity="1" visitedClasses="0" numClasses="0" visitedMethods="0" numMethods="1" />
              <MetadataToken>100663330</MetadataToken>
              <Name>System.Void MyCalculator.Properties.Settings::.cctor()</Name>
              <FileRef uid="10" />
              <SequencePoints>
                <SequencePoint vc="0" uspid="426" ordinal="0" offset="0" sl="18" sc="9" el="18" ec="147" bec="0" bev="0" fileid="10" />
              </SequencePoints>
              <BranchPoints />
              <MethodPoint xsi:type="SequencePoint" vc="0" uspid="426" ordinal="0" offset="0" sl="18" sc="9" el="18" ec="147" bec="0" bev="0" fileid="10" />
            </Method>
          </Methods>
        </Class>
        <Class>
          <Summary numSequencePoints="0" visitedSequencePoints="0" numBranchPoints="0" visitedBranchPoints="0" sequenceCoverage="0" branchCoverage="0" maxCyclomaticComplexity="3" minCyclomaticComplexity="3" visitedClasses="0" numClasses="0" visitedMethods="0" numMethods="0" />
          <FullName>&lt;PrivateImplementationDetails&gt;</FullName>
          <Methods>
            <Method visited="false" cyclomaticComplexity="3" nPathComplexity="0" sequenceCoverage="0" branchCoverage="0" isConstructor="false" isStatic="true" isGetter="false" isSetter="false">
              <Summary numSequencePoints="0" visitedSequencePoints="0" numBranchPoints="0" visitedBranchPoints="0" sequenceCoverage="0" branchCoverage="0" maxCyclomaticComplexity="3" minCyclomaticComplexity="3" visitedClasses="0" numClasses="0" visitedMethods="0" numMethods="0" />
              <MetadataToken>100663331</MetadataToken>
              <Name>System.UInt32 &lt;PrivateImplementationDetails&gt;::ComputeStringHash(System.String)</Name>
              <SequencePoints />
              <BranchPoints />
              <MethodPoint vc="0" uspid="427" ordinal="0" offset="0" />
            </Method>
          </Methods>
        </Class>
      </Classes>
    </Module>
    <Module skippedDueTo="Filter" hash="88-00-CE-1C-B4-DD-BA-E4-5D-66-45-DA-66-2D-89-84-42-9B-45-F7">
      <ModulePath>C:\Program Files\dotnet\shared\Microsoft.NETCore.App\2.0.5\System.ComponentModel.dll</ModulePath>
      <ModuleTime>2017-12-20T09:43:14Z</ModuleTime>
      <ModuleName>System.ComponentModel</ModuleName>
      <Files />
      <Classes />
    </Module>
  </Modules>
</CoverageSession>